2025-12-03 01:20:14,933 [INFO] [web_sweep] Starting sweep.
2025-12-03 01:20:14,933 [INFO] [web_sweep] Sweep file: C:\Users\mcaballero\Solar-Storage-Co-Optimization\Outputs\tmp_zw97l1d\sweep_1_itc_area.csv
2025-12-03 01:20:15,086 [INFO] [web_sweep] Sweep file loaded: 30 rows found.
2025-12-03 01:20:15,087 [INFO] [web_sweep] Row 0: A_tot=200, insolation_mult(raw=1.0) -> 1.000000, enforce_limit=True, enable_sell=True
2025-12-03 01:20:15,087 [INFO] [web_sweep] Full combined parameters: {'itc_pv': 0.0, 'itc_bat': 0.3, 'enable_sell': 1, 'enforce_limit_flag': 1, 'A_tot': 200.0, 'offset_price': 0.0, 'insolation_mult': 1.0, 'sweep_file': 'C:\\Users\\mcaballero\\Solar-Storage-Co-Optimization\\Outputs\\tmp_zw97l1d\\sweep_1_itc_area.csv'}
2025-12-03 01:20:15,200 [INFO] [web_sweep] Row 0 sizing_info: {'Selected PV Module': 'Mono Bifacial', 'Module Efficiency': np.float64(0.225), 'Annual Consumption (kWh)': np.float64(6482959.279999999), 'Peak Hourly Demand (kW)': np.float64(1021.2), 'Estimated Service Capacity (kW)': np.float64(1123.3200000000002), 'Specific Yield (kWh/kW/year)': np.float64(404.54057278125003), '115% Production Cap (kWh)': np.float64(7455403.171999998), 'Max Size by Production (kW)': np.float64(18429.308884257225), 'Max Size by Service Capacity (kW)': np.float64(1010.9880000000002), 'Final Allowed System Size (kW)': np.float64(1010.9880000000002), 'Limiting Factor': 'service capacity (90%)'}
2025-12-03 01:20:15,200 [INFO] [WebSweep_A200] Running simulation for PV type: Mono Bifacial, Battery type: Li-ion LFP
2025-12-03 01:20:15,202 [ERROR] [WebSweep_A200] Error: 'charmap' codec can't encode character '\U0001f50e' in position 0: character maps to <undefined>
2025-12-03 01:20:15,203 [INFO] [web_sweep] Row 1: A_tot=400, insolation_mult(raw=1.0) -> 1.000000, enforce_limit=True, enable_sell=True
2025-12-03 01:20:15,203 [INFO] [web_sweep] Full combined parameters: {'itc_pv': 0.0, 'itc_bat': 0.3, 'enable_sell': 1, 'enforce_limit_flag': 1, 'A_tot': 400.0, 'offset_price': 0.0, 'insolation_mult': 1.0, 'sweep_file': 'C:\\Users\\mcaballero\\Solar-Storage-Co-Optimization\\Outputs\\tmp_zw97l1d\\sweep_1_itc_area.csv'}
2025-12-03 01:20:15,327 [INFO] [web_sweep] Row 1 sizing_info: {'Selected PV Module': 'Mono Bifacial', 'Module Efficiency': np.float64(0.225), 'Annual Consumption (kWh)': np.float64(6482959.279999999), 'Peak Hourly Demand (kW)': np.float64(1021.2), 'Estimated Service Capacity (kW)': np.float64(1123.3200000000002), 'Specific Yield (kWh/kW/year)': np.float64(404.54057278125003), '115% Production Cap (kWh)': np.float64(7455403.171999998), 'Max Size by Production (kW)': np.float64(18429.308884257225), 'Max Size by Service Capacity (kW)': np.float64(1010.9880000000002), 'Final Allowed System Size (kW)': np.float64(1010.9880000000002), 'Limiting Factor': 'service capacity (90%)'}
2025-12-03 01:20:15,328 [INFO] [WebSweep_A400] Running simulation for PV type: Mono Bifacial, Battery type: Li-ion LFP
2025-12-03 01:20:15,330 [ERROR] [WebSweep_A400] Error: 'charmap' codec can't encode character '\U0001f50e' in position 0: character maps to <undefined>
2025-12-03 01:20:15,330 [INFO] [web_sweep] Row 2: A_tot=800, insolation_mult(raw=1.0) -> 1.000000, enforce_limit=True, enable_sell=True
2025-12-03 01:20:15,331 [INFO] [web_sweep] Full combined parameters: {'itc_pv': 0.0, 'itc_bat': 0.3, 'enable_sell': 1, 'enforce_limit_flag': 1, 'A_tot': 800.0, 'offset_price': 0.0, 'insolation_mult': 1.0, 'sweep_file': 'C:\\Users\\mcaballero\\Solar-Storage-Co-Optimization\\Outputs\\tmp_zw97l1d\\sweep_1_itc_area.csv'}
2025-12-03 01:20:15,440 [INFO] [web_sweep] Row 2 sizing_info: {'Selected PV Module': 'Mono Bifacial', 'Module Efficiency': np.float64(0.225), 'Annual Consumption (kWh)': np.float64(6482959.279999999), 'Peak Hourly Demand (kW)': np.float64(1021.2), 'Estimated Service Capacity (kW)': np.float64(1123.3200000000002), 'Specific Yield (kWh/kW/year)': np.float64(404.54057278125003), '115% Production Cap (kWh)': np.float64(7455403.171999998), 'Max Size by Production (kW)': np.float64(18429.308884257225), 'Max Size by Service Capacity (kW)': np.float64(1010.9880000000002), 'Final Allowed System Size (kW)': np.float64(1010.9880000000002), 'Limiting Factor': 'service capacity (90%)'}
2025-12-03 01:20:15,440 [INFO] [WebSweep_A800] Running simulation for PV type: Mono Bifacial, Battery type: Li-ion LFP
2025-12-03 01:20:15,440 [ERROR] [WebSweep_A800] Error: 'charmap' codec can't encode character '\U0001f50e' in position 0: character maps to <undefined>
2025-12-03 01:20:15,440 [INFO] [web_sweep] Row 3: A_tot=1000, insolation_mult(raw=1.0) -> 1.000000, enforce_limit=True, enable_sell=True
2025-12-03 01:20:15,440 [INFO] [web_sweep] Full combined parameters: {'itc_pv': 0.0, 'itc_bat': 0.3, 'enable_sell': 1, 'enforce_limit_flag': 1, 'A_tot': 1000.0, 'offset_price': 0.0, 'insolation_mult': 1.0, 'sweep_file': 'C:\\Users\\mcaballero\\Solar-Storage-Co-Optimization\\Outputs\\tmp_zw97l1d\\sweep_1_itc_area.csv'}
2025-12-03 01:20:15,554 [INFO] [web_sweep] Row 3 sizing_info: {'Selected PV Module': 'Mono Bifacial', 'Module Efficiency': np.float64(0.225), 'Annual Consumption (kWh)': np.float64(6482959.279999999), 'Peak Hourly Demand (kW)': np.float64(1021.2), 'Estimated Service Capacity (kW)': np.float64(1123.3200000000002), 'Specific Yield (kWh/kW/year)': np.float64(404.54057278125003), '115% Production Cap (kWh)': np.float64(7455403.171999998), 'Max Size by Production (kW)': np.float64(18429.308884257225), 'Max Size by Service Capacity (kW)': np.float64(1010.9880000000002), 'Final Allowed System Size (kW)': np.float64(1010.9880000000002), 'Limiting Factor': 'service capacity (90%)'}
2025-12-03 01:20:15,554 [INFO] [WebSweep_A1000] Running simulation for PV type: Mono Bifacial, Battery type: Li-ion LFP
2025-12-03 01:20:15,554 [ERROR] [WebSweep_A1000] Error: 'charmap' codec can't encode character '\U0001f50e' in position 0: character maps to <undefined>
2025-12-03 01:20:15,554 [INFO] [web_sweep] Row 4: A_tot=2000, insolation_mult(raw=1.0) -> 1.000000, enforce_limit=True, enable_sell=True
2025-12-03 01:20:15,554 [INFO] [web_sweep] Full combined parameters: {'itc_pv': 0.0, 'itc_bat': 0.3, 'enable_sell': 1, 'enforce_limit_flag': 1, 'A_tot': 2000.0, 'offset_price': 0.0, 'insolation_mult': 1.0, 'sweep_file': 'C:\\Users\\mcaballero\\Solar-Storage-Co-Optimization\\Outputs\\tmp_zw97l1d\\sweep_1_itc_area.csv'}
2025-12-03 01:20:15,688 [INFO] [web_sweep] Row 4 sizing_info: {'Selected PV Module': 'Mono Bifacial', 'Module Efficiency': np.float64(0.225), 'Annual Consumption (kWh)': np.float64(6482959.279999999), 'Peak Hourly Demand (kW)': np.float64(1021.2), 'Estimated Service Capacity (kW)': np.float64(1123.3200000000002), 'Specific Yield (kWh/kW/year)': np.float64(404.54057278125003), '115% Production Cap (kWh)': np.float64(7455403.171999998), 'Max Size by Production (kW)': np.float64(18429.308884257225), 'Max Size by Service Capacity (kW)': np.float64(1010.9880000000002), 'Final Allowed System Size (kW)': np.float64(1010.9880000000002), 'Limiting Factor': 'service capacity (90%)'}
2025-12-03 01:20:15,688 [INFO] [WebSweep_A2000] Running simulation for PV type: Mono Bifacial, Battery type: Li-ion LFP
2025-12-03 01:20:15,688 [ERROR] [WebSweep_A2000] Error: 'charmap' codec can't encode character '\U0001f50e' in position 0: character maps to <undefined>
2025-12-03 01:20:15,688 [INFO] [web_sweep] Row 5: A_tot=3000, insolation_mult(raw=1.0) -> 1.000000, enforce_limit=True, enable_sell=True
2025-12-03 01:20:15,688 [INFO] [web_sweep] Full combined parameters: {'itc_pv': 0.0, 'itc_bat': 0.3, 'enable_sell': 1, 'enforce_limit_flag': 1, 'A_tot': 3000.0, 'offset_price': 0.0, 'insolation_mult': 1.0, 'sweep_file': 'C:\\Users\\mcaballero\\Solar-Storage-Co-Optimization\\Outputs\\tmp_zw97l1d\\sweep_1_itc_area.csv'}
2025-12-03 01:20:15,806 [INFO] [web_sweep] Row 5 sizing_info: {'Selected PV Module': 'Mono Bifacial', 'Module Efficiency': np.float64(0.225), 'Annual Consumption (kWh)': np.float64(6482959.279999999), 'Peak Hourly Demand (kW)': np.float64(1021.2), 'Estimated Service Capacity (kW)': np.float64(1123.3200000000002), 'Specific Yield (kWh/kW/year)': np.float64(404.54057278125003), '115% Production Cap (kWh)': np.float64(7455403.171999998), 'Max Size by Production (kW)': np.float64(18429.308884257225), 'Max Size by Service Capacity (kW)': np.float64(1010.9880000000002), 'Final Allowed System Size (kW)': np.float64(1010.9880000000002), 'Limiting Factor': 'service capacity (90%)'}
2025-12-03 01:20:15,806 [INFO] [WebSweep_A3000] Running simulation for PV type: Mono Bifacial, Battery type: Li-ion LFP
2025-12-03 01:20:15,806 [ERROR] [WebSweep_A3000] Error: 'charmap' codec can't encode character '\U0001f50e' in position 0: character maps to <undefined>
2025-12-03 01:20:15,806 [INFO] [web_sweep] Row 6: A_tot=4000, insolation_mult(raw=1.0) -> 1.000000, enforce_limit=True, enable_sell=True
2025-12-03 01:20:15,806 [INFO] [web_sweep] Full combined parameters: {'itc_pv': 0.0, 'itc_bat': 0.3, 'enable_sell': 1, 'enforce_limit_flag': 1, 'A_tot': 4000.0, 'offset_price': 0.0, 'insolation_mult': 1.0, 'sweep_file': 'C:\\Users\\mcaballero\\Solar-Storage-Co-Optimization\\Outputs\\tmp_zw97l1d\\sweep_1_itc_area.csv'}
2025-12-03 01:20:15,923 [INFO] [web_sweep] Row 6 sizing_info: {'Selected PV Module': 'Mono Bifacial', 'Module Efficiency': np.float64(0.225), 'Annual Consumption (kWh)': np.float64(6482959.279999999), 'Peak Hourly Demand (kW)': np.float64(1021.2), 'Estimated Service Capacity (kW)': np.float64(1123.3200000000002), 'Specific Yield (kWh/kW/year)': np.float64(404.54057278125003), '115% Production Cap (kWh)': np.float64(7455403.171999998), 'Max Size by Production (kW)': np.float64(18429.308884257225), 'Max Size by Service Capacity (kW)': np.float64(1010.9880000000002), 'Final Allowed System Size (kW)': np.float64(1010.9880000000002), 'Limiting Factor': 'service capacity (90%)'}
2025-12-03 01:20:15,924 [INFO] [WebSweep_A4000] Running simulation for PV type: Mono Bifacial, Battery type: Li-ion LFP
2025-12-03 01:20:15,926 [ERROR] [WebSweep_A4000] Error: 'charmap' codec can't encode character '\U0001f50e' in position 0: character maps to <undefined>
2025-12-03 01:20:15,926 [INFO] [web_sweep] Row 7: A_tot=5000, insolation_mult(raw=1.0) -> 1.000000, enforce_limit=True, enable_sell=True
2025-12-03 01:20:15,927 [INFO] [web_sweep] Full combined parameters: {'itc_pv': 0.0, 'itc_bat': 0.3, 'enable_sell': 1, 'enforce_limit_flag': 1, 'A_tot': 5000.0, 'offset_price': 0.0, 'insolation_mult': 1.0, 'sweep_file': 'C:\\Users\\mcaballero\\Solar-Storage-Co-Optimization\\Outputs\\tmp_zw97l1d\\sweep_1_itc_area.csv'}
2025-12-03 01:20:16,059 [INFO] [web_sweep] Row 7 sizing_info: {'Selected PV Module': 'Mono Bifacial', 'Module Efficiency': np.float64(0.225), 'Annual Consumption (kWh)': np.float64(6482959.279999999), 'Peak Hourly Demand (kW)': np.float64(1021.2), 'Estimated Service Capacity (kW)': np.float64(1123.3200000000002), 'Specific Yield (kWh/kW/year)': np.float64(404.54057278125003), '115% Production Cap (kWh)': np.float64(7455403.171999998), 'Max Size by Production (kW)': np.float64(18429.308884257225), 'Max Size by Service Capacity (kW)': np.float64(1010.9880000000002), 'Final Allowed System Size (kW)': np.float64(1010.9880000000002), 'Limiting Factor': 'service capacity (90%)'}
2025-12-03 01:20:16,060 [INFO] [WebSweep_A5000] Running simulation for PV type: Mono Bifacial, Battery type: Li-ion LFP
2025-12-03 01:20:16,062 [ERROR] [WebSweep_A5000] Error: 'charmap' codec can't encode character '\U0001f50e' in position 0: character maps to <undefined>
2025-12-03 01:20:16,062 [INFO] [web_sweep] Row 8: A_tot=6000, insolation_mult(raw=1.0) -> 1.000000, enforce_limit=True, enable_sell=True
2025-12-03 01:20:16,063 [INFO] [web_sweep] Full combined parameters: {'itc_pv': 0.0, 'itc_bat': 0.3, 'enable_sell': 1, 'enforce_limit_flag': 1, 'A_tot': 6000.0, 'offset_price': 0.0, 'insolation_mult': 1.0, 'sweep_file': 'C:\\Users\\mcaballero\\Solar-Storage-Co-Optimization\\Outputs\\tmp_zw97l1d\\sweep_1_itc_area.csv'}
2025-12-03 01:20:16,199 [INFO] [web_sweep] Row 8 sizing_info: {'Selected PV Module': 'Mono Bifacial', 'Module Efficiency': np.float64(0.225), 'Annual Consumption (kWh)': np.float64(6482959.279999999), 'Peak Hourly Demand (kW)': np.float64(1021.2), 'Estimated Service Capacity (kW)': np.float64(1123.3200000000002), 'Specific Yield (kWh/kW/year)': np.float64(404.54057278125003), '115% Production Cap (kWh)': np.float64(7455403.171999998), 'Max Size by Production (kW)': np.float64(18429.308884257225), 'Max Size by Service Capacity (kW)': np.float64(1010.9880000000002), 'Final Allowed System Size (kW)': np.float64(1010.9880000000002), 'Limiting Factor': 'service capacity (90%)'}
2025-12-03 01:20:16,199 [INFO] [WebSweep_A6000] Running simulation for PV type: Mono Bifacial, Battery type: Li-ion LFP
2025-12-03 01:20:16,201 [ERROR] [WebSweep_A6000] Error: 'charmap' codec can't encode character '\U0001f50e' in position 0: character maps to <undefined>
2025-12-03 01:20:16,202 [INFO] [web_sweep] Row 9: A_tot=7000, insolation_mult(raw=1.0) -> 1.000000, enforce_limit=True, enable_sell=True
2025-12-03 01:20:16,202 [INFO] [web_sweep] Full combined parameters: {'itc_pv': 0.0, 'itc_bat': 0.3, 'enable_sell': 1, 'enforce_limit_flag': 1, 'A_tot': 7000.0, 'offset_price': 0.0, 'insolation_mult': 1.0, 'sweep_file': 'C:\\Users\\mcaballero\\Solar-Storage-Co-Optimization\\Outputs\\tmp_zw97l1d\\sweep_1_itc_area.csv'}
2025-12-03 01:20:16,324 [INFO] [web_sweep] Row 9 sizing_info: {'Selected PV Module': 'Mono Bifacial', 'Module Efficiency': np.float64(0.225), 'Annual Consumption (kWh)': np.float64(6482959.279999999), 'Peak Hourly Demand (kW)': np.float64(1021.2), 'Estimated Service Capacity (kW)': np.float64(1123.3200000000002), 'Specific Yield (kWh/kW/year)': np.float64(404.54057278125003), '115% Production Cap (kWh)': np.float64(7455403.171999998), 'Max Size by Production (kW)': np.float64(18429.308884257225), 'Max Size by Service Capacity (kW)': np.float64(1010.9880000000002), 'Final Allowed System Size (kW)': np.float64(1010.9880000000002), 'Limiting Factor': 'service capacity (90%)'}
2025-12-03 01:20:16,324 [INFO] [WebSweep_A7000] Running simulation for PV type: Mono Bifacial, Battery type: Li-ion LFP
2025-12-03 01:20:16,326 [ERROR] [WebSweep_A7000] Error: 'charmap' codec can't encode character '\U0001f50e' in position 0: character maps to <undefined>
2025-12-03 01:20:16,326 [INFO] [web_sweep] Row 10: A_tot=200, insolation_mult(raw=1.0) -> 1.000000, enforce_limit=True, enable_sell=True
2025-12-03 01:20:16,326 [INFO] [web_sweep] Full combined parameters: {'itc_pv': 0.0, 'itc_bat': 0.4, 'enable_sell': 1, 'enforce_limit_flag': 1, 'A_tot': 200.0, 'offset_price': 0.0, 'insolation_mult': 1.0, 'sweep_file': 'C:\\Users\\mcaballero\\Solar-Storage-Co-Optimization\\Outputs\\tmp_zw97l1d\\sweep_1_itc_area.csv'}
2025-12-03 01:20:16,452 [INFO] [web_sweep] Row 10 sizing_info: {'Selected PV Module': 'Mono Bifacial', 'Module Efficiency': np.float64(0.225), 'Annual Consumption (kWh)': np.float64(6482959.279999999), 'Peak Hourly Demand (kW)': np.float64(1021.2), 'Estimated Service Capacity (kW)': np.float64(1123.3200000000002), 'Specific Yield (kWh/kW/year)': np.float64(404.54057278125003), '115% Production Cap (kWh)': np.float64(7455403.171999998), 'Max Size by Production (kW)': np.float64(18429.308884257225), 'Max Size by Service Capacity (kW)': np.float64(1010.9880000000002), 'Final Allowed System Size (kW)': np.float64(1010.9880000000002), 'Limiting Factor': 'service capacity (90%)'}
2025-12-03 01:20:16,452 [INFO] [WebSweep_A200] Running simulation for PV type: Mono Bifacial, Battery type: Li-ion LFP
2025-12-03 01:20:16,455 [ERROR] [WebSweep_A200] Error: 'charmap' codec can't encode character '\U0001f50e' in position 0: character maps to <undefined>
2025-12-03 01:20:16,455 [INFO] [web_sweep] Row 11: A_tot=400, insolation_mult(raw=1.0) -> 1.000000, enforce_limit=True, enable_sell=True
2025-12-03 01:20:16,456 [INFO] [web_sweep] Full combined parameters: {'itc_pv': 0.0, 'itc_bat': 0.4, 'enable_sell': 1, 'enforce_limit_flag': 1, 'A_tot': 400.0, 'offset_price': 0.0, 'insolation_mult': 1.0, 'sweep_file': 'C:\\Users\\mcaballero\\Solar-Storage-Co-Optimization\\Outputs\\tmp_zw97l1d\\sweep_1_itc_area.csv'}
2025-12-03 01:20:16,576 [INFO] [web_sweep] Row 11 sizing_info: {'Selected PV Module': 'Mono Bifacial', 'Module Efficiency': np.float64(0.225), 'Annual Consumption (kWh)': np.float64(6482959.279999999), 'Peak Hourly Demand (kW)': np.float64(1021.2), 'Estimated Service Capacity (kW)': np.float64(1123.3200000000002), 'Specific Yield (kWh/kW/year)': np.float64(404.54057278125003), '115% Production Cap (kWh)': np.float64(7455403.171999998), 'Max Size by Production (kW)': np.float64(18429.308884257225), 'Max Size by Service Capacity (kW)': np.float64(1010.9880000000002), 'Final Allowed System Size (kW)': np.float64(1010.9880000000002), 'Limiting Factor': 'service capacity (90%)'}
2025-12-03 01:20:16,577 [INFO] [WebSweep_A400] Running simulation for PV type: Mono Bifacial, Battery type: Li-ion LFP
2025-12-03 01:20:16,579 [ERROR] [WebSweep_A400] Error: 'charmap' codec can't encode character '\U0001f50e' in position 0: character maps to <undefined>
2025-12-03 01:20:16,579 [INFO] [web_sweep] Row 12: A_tot=800, insolation_mult(raw=1.0) -> 1.000000, enforce_limit=True, enable_sell=True
2025-12-03 01:20:16,579 [INFO] [web_sweep] Full combined parameters: {'itc_pv': 0.0, 'itc_bat': 0.4, 'enable_sell': 1, 'enforce_limit_flag': 1, 'A_tot': 800.0, 'offset_price': 0.0, 'insolation_mult': 1.0, 'sweep_file': 'C:\\Users\\mcaballero\\Solar-Storage-Co-Optimization\\Outputs\\tmp_zw97l1d\\sweep_1_itc_area.csv'}
2025-12-03 01:20:16,690 [INFO] [web_sweep] Row 12 sizing_info: {'Selected PV Module': 'Mono Bifacial', 'Module Efficiency': np.float64(0.225), 'Annual Consumption (kWh)': np.float64(6482959.279999999), 'Peak Hourly Demand (kW)': np.float64(1021.2), 'Estimated Service Capacity (kW)': np.float64(1123.3200000000002), 'Specific Yield (kWh/kW/year)': np.float64(404.54057278125003), '115% Production Cap (kWh)': np.float64(7455403.171999998), 'Max Size by Production (kW)': np.float64(18429.308884257225), 'Max Size by Service Capacity (kW)': np.float64(1010.9880000000002), 'Final Allowed System Size (kW)': np.float64(1010.9880000000002), 'Limiting Factor': 'service capacity (90%)'}
2025-12-03 01:20:16,690 [INFO] [WebSweep_A800] Running simulation for PV type: Mono Bifacial, Battery type: Li-ion LFP
2025-12-03 01:20:16,705 [ERROR] [WebSweep_A800] Error: 'charmap' codec can't encode character '\U0001f50e' in position 0: character maps to <undefined>
2025-12-03 01:20:16,707 [INFO] [web_sweep] Row 13: A_tot=1000, insolation_mult(raw=1.0) -> 1.000000, enforce_limit=True, enable_sell=True
2025-12-03 01:20:16,707 [INFO] [web_sweep] Full combined parameters: {'itc_pv': 0.0, 'itc_bat': 0.4, 'enable_sell': 1, 'enforce_limit_flag': 1, 'A_tot': 1000.0, 'offset_price': 0.0, 'insolation_mult': 1.0, 'sweep_file': 'C:\\Users\\mcaballero\\Solar-Storage-Co-Optimization\\Outputs\\tmp_zw97l1d\\sweep_1_itc_area.csv'}
2025-12-03 01:20:16,824 [INFO] [web_sweep] Row 13 sizing_info: {'Selected PV Module': 'Mono Bifacial', 'Module Efficiency': np.float64(0.225), 'Annual Consumption (kWh)': np.float64(6482959.279999999), 'Peak Hourly Demand (kW)': np.float64(1021.2), 'Estimated Service Capacity (kW)': np.float64(1123.3200000000002), 'Specific Yield (kWh/kW/year)': np.float64(404.54057278125003), '115% Production Cap (kWh)': np.float64(7455403.171999998), 'Max Size by Production (kW)': np.float64(18429.308884257225), 'Max Size by Service Capacity (kW)': np.float64(1010.9880000000002), 'Final Allowed System Size (kW)': np.float64(1010.9880000000002), 'Limiting Factor': 'service capacity (90%)'}
2025-12-03 01:20:16,824 [INFO] [WebSweep_A1000] Running simulation for PV type: Mono Bifacial, Battery type: Li-ion LFP
2025-12-03 01:20:16,824 [ERROR] [WebSweep_A1000] Error: 'charmap' codec can't encode character '\U0001f50e' in position 0: character maps to <undefined>
2025-12-03 01:20:16,824 [INFO] [web_sweep] Row 14: A_tot=2000, insolation_mult(raw=1.0) -> 1.000000, enforce_limit=True, enable_sell=True
2025-12-03 01:20:16,824 [INFO] [web_sweep] Full combined parameters: {'itc_pv': 0.0, 'itc_bat': 0.4, 'enable_sell': 1, 'enforce_limit_flag': 1, 'A_tot': 2000.0, 'offset_price': 0.0, 'insolation_mult': 1.0, 'sweep_file': 'C:\\Users\\mcaballero\\Solar-Storage-Co-Optimization\\Outputs\\tmp_zw97l1d\\sweep_1_itc_area.csv'}
2025-12-03 01:20:16,938 [INFO] [web_sweep] Row 14 sizing_info: {'Selected PV Module': 'Mono Bifacial', 'Module Efficiency': np.float64(0.225), 'Annual Consumption (kWh)': np.float64(6482959.279999999), 'Peak Hourly Demand (kW)': np.float64(1021.2), 'Estimated Service Capacity (kW)': np.float64(1123.3200000000002), 'Specific Yield (kWh/kW/year)': np.float64(404.54057278125003), '115% Production Cap (kWh)': np.float64(7455403.171999998), 'Max Size by Production (kW)': np.float64(18429.308884257225), 'Max Size by Service Capacity (kW)': np.float64(1010.9880000000002), 'Final Allowed System Size (kW)': np.float64(1010.9880000000002), 'Limiting Factor': 'service capacity (90%)'}
2025-12-03 01:20:16,938 [INFO] [WebSweep_A2000] Running simulation for PV type: Mono Bifacial, Battery type: Li-ion LFP
2025-12-03 01:20:16,938 [ERROR] [WebSweep_A2000] Error: 'charmap' codec can't encode character '\U0001f50e' in position 0: character maps to <undefined>
2025-12-03 01:20:16,938 [INFO] [web_sweep] Row 15: A_tot=3000, insolation_mult(raw=1.0) -> 1.000000, enforce_limit=True, enable_sell=True
2025-12-03 01:20:16,938 [INFO] [web_sweep] Full combined parameters: {'itc_pv': 0.0, 'itc_bat': 0.4, 'enable_sell': 1, 'enforce_limit_flag': 1, 'A_tot': 3000.0, 'offset_price': 0.0, 'insolation_mult': 1.0, 'sweep_file': 'C:\\Users\\mcaballero\\Solar-Storage-Co-Optimization\\Outputs\\tmp_zw97l1d\\sweep_1_itc_area.csv'}
2025-12-03 01:20:17,071 [INFO] [web_sweep] Row 15 sizing_info: {'Selected PV Module': 'Mono Bifacial', 'Module Efficiency': np.float64(0.225), 'Annual Consumption (kWh)': np.float64(6482959.279999999), 'Peak Hourly Demand (kW)': np.float64(1021.2), 'Estimated Service Capacity (kW)': np.float64(1123.3200000000002), 'Specific Yield (kWh/kW/year)': np.float64(404.54057278125003), '115% Production Cap (kWh)': np.float64(7455403.171999998), 'Max Size by Production (kW)': np.float64(18429.308884257225), 'Max Size by Service Capacity (kW)': np.float64(1010.9880000000002), 'Final Allowed System Size (kW)': np.float64(1010.9880000000002), 'Limiting Factor': 'service capacity (90%)'}
2025-12-03 01:20:17,071 [INFO] [WebSweep_A3000] Running simulation for PV type: Mono Bifacial, Battery type: Li-ion LFP
2025-12-03 01:20:17,071 [ERROR] [WebSweep_A3000] Error: 'charmap' codec can't encode character '\U0001f50e' in position 0: character maps to <undefined>
2025-12-03 01:20:17,071 [INFO] [web_sweep] Row 16: A_tot=4000, insolation_mult(raw=1.0) -> 1.000000, enforce_limit=True, enable_sell=True
2025-12-03 01:20:17,071 [INFO] [web_sweep] Full combined parameters: {'itc_pv': 0.0, 'itc_bat': 0.4, 'enable_sell': 1, 'enforce_limit_flag': 1, 'A_tot': 4000.0, 'offset_price': 0.0, 'insolation_mult': 1.0, 'sweep_file': 'C:\\Users\\mcaballero\\Solar-Storage-Co-Optimization\\Outputs\\tmp_zw97l1d\\sweep_1_itc_area.csv'}
2025-12-03 01:20:17,204 [INFO] [web_sweep] Row 16 sizing_info: {'Selected PV Module': 'Mono Bifacial', 'Module Efficiency': np.float64(0.225), 'Annual Consumption (kWh)': np.float64(6482959.279999999), 'Peak Hourly Demand (kW)': np.float64(1021.2), 'Estimated Service Capacity (kW)': np.float64(1123.3200000000002), 'Specific Yield (kWh/kW/year)': np.float64(404.54057278125003), '115% Production Cap (kWh)': np.float64(7455403.171999998), 'Max Size by Production (kW)': np.float64(18429.308884257225), 'Max Size by Service Capacity (kW)': np.float64(1010.9880000000002), 'Final Allowed System Size (kW)': np.float64(1010.9880000000002), 'Limiting Factor': 'service capacity (90%)'}
2025-12-03 01:20:17,204 [INFO] [WebSweep_A4000] Running simulation for PV type: Mono Bifacial, Battery type: Li-ion LFP
2025-12-03 01:20:17,205 [ERROR] [WebSweep_A4000] Error: 'charmap' codec can't encode character '\U0001f50e' in position 0: character maps to <undefined>
2025-12-03 01:20:17,207 [INFO] [web_sweep] Row 17: A_tot=5000, insolation_mult(raw=1.0) -> 1.000000, enforce_limit=True, enable_sell=True
2025-12-03 01:20:17,207 [INFO] [web_sweep] Full combined parameters: {'itc_pv': 0.0, 'itc_bat': 0.4, 'enable_sell': 1, 'enforce_limit_flag': 1, 'A_tot': 5000.0, 'offset_price': 0.0, 'insolation_mult': 1.0, 'sweep_file': 'C:\\Users\\mcaballero\\Solar-Storage-Co-Optimization\\Outputs\\tmp_zw97l1d\\sweep_1_itc_area.csv'}
2025-12-03 01:20:17,365 [INFO] [web_sweep] Row 17 sizing_info: {'Selected PV Module': 'Mono Bifacial', 'Module Efficiency': np.float64(0.225), 'Annual Consumption (kWh)': np.float64(6482959.279999999), 'Peak Hourly Demand (kW)': np.float64(1021.2), 'Estimated Service Capacity (kW)': np.float64(1123.3200000000002), 'Specific Yield (kWh/kW/year)': np.float64(404.54057278125003), '115% Production Cap (kWh)': np.float64(7455403.171999998), 'Max Size by Production (kW)': np.float64(18429.308884257225), 'Max Size by Service Capacity (kW)': np.float64(1010.9880000000002), 'Final Allowed System Size (kW)': np.float64(1010.9880000000002), 'Limiting Factor': 'service capacity (90%)'}
2025-12-03 01:20:17,366 [INFO] [WebSweep_A5000] Running simulation for PV type: Mono Bifacial, Battery type: Li-ion LFP
2025-12-03 01:20:17,368 [ERROR] [WebSweep_A5000] Error: 'charmap' codec can't encode character '\U0001f50e' in position 0: character maps to <undefined>
2025-12-03 01:20:17,368 [INFO] [web_sweep] Row 18: A_tot=6000, insolation_mult(raw=1.0) -> 1.000000, enforce_limit=True, enable_sell=True
2025-12-03 01:20:17,369 [INFO] [web_sweep] Full combined parameters: {'itc_pv': 0.0, 'itc_bat': 0.4, 'enable_sell': 1, 'enforce_limit_flag': 1, 'A_tot': 6000.0, 'offset_price': 0.0, 'insolation_mult': 1.0, 'sweep_file': 'C:\\Users\\mcaballero\\Solar-Storage-Co-Optimization\\Outputs\\tmp_zw97l1d\\sweep_1_itc_area.csv'}
2025-12-03 01:20:17,517 [INFO] [web_sweep] Row 18 sizing_info: {'Selected PV Module': 'Mono Bifacial', 'Module Efficiency': np.float64(0.225), 'Annual Consumption (kWh)': np.float64(6482959.279999999), 'Peak Hourly Demand (kW)': np.float64(1021.2), 'Estimated Service Capacity (kW)': np.float64(1123.3200000000002), 'Specific Yield (kWh/kW/year)': np.float64(404.54057278125003), '115% Production Cap (kWh)': np.float64(7455403.171999998), 'Max Size by Production (kW)': np.float64(18429.308884257225), 'Max Size by Service Capacity (kW)': np.float64(1010.9880000000002), 'Final Allowed System Size (kW)': np.float64(1010.9880000000002), 'Limiting Factor': 'service capacity (90%)'}
2025-12-03 01:20:17,518 [INFO] [WebSweep_A6000] Running simulation for PV type: Mono Bifacial, Battery type: Li-ion LFP
2025-12-03 01:20:17,520 [ERROR] [WebSweep_A6000] Error: 'charmap' codec can't encode character '\U0001f50e' in position 0: character maps to <undefined>
2025-12-03 01:20:17,521 [INFO] [web_sweep] Row 19: A_tot=7000, insolation_mult(raw=1.0) -> 1.000000, enforce_limit=True, enable_sell=True
2025-12-03 01:20:17,521 [INFO] [web_sweep] Full combined parameters: {'itc_pv': 0.0, 'itc_bat': 0.4, 'enable_sell': 1, 'enforce_limit_flag': 1, 'A_tot': 7000.0, 'offset_price': 0.0, 'insolation_mult': 1.0, 'sweep_file': 'C:\\Users\\mcaballero\\Solar-Storage-Co-Optimization\\Outputs\\tmp_zw97l1d\\sweep_1_itc_area.csv'}
2025-12-03 01:20:17,640 [INFO] [web_sweep] Row 19 sizing_info: {'Selected PV Module': 'Mono Bifacial', 'Module Efficiency': np.float64(0.225), 'Annual Consumption (kWh)': np.float64(6482959.279999999), 'Peak Hourly Demand (kW)': np.float64(1021.2), 'Estimated Service Capacity (kW)': np.float64(1123.3200000000002), 'Specific Yield (kWh/kW/year)': np.float64(404.54057278125003), '115% Production Cap (kWh)': np.float64(7455403.171999998), 'Max Size by Production (kW)': np.float64(18429.308884257225), 'Max Size by Service Capacity (kW)': np.float64(1010.9880000000002), 'Final Allowed System Size (kW)': np.float64(1010.9880000000002), 'Limiting Factor': 'service capacity (90%)'}
2025-12-03 01:20:17,640 [INFO] [WebSweep_A7000] Running simulation for PV type: Mono Bifacial, Battery type: Li-ion LFP
2025-12-03 01:20:17,640 [ERROR] [WebSweep_A7000] Error: 'charmap' codec can't encode character '\U0001f50e' in position 0: character maps to <undefined>
2025-12-03 01:20:17,640 [INFO] [web_sweep] Row 20: A_tot=200, insolation_mult(raw=1.0) -> 1.000000, enforce_limit=True, enable_sell=True
2025-12-03 01:20:17,640 [INFO] [web_sweep] Full combined parameters: {'itc_pv': 0.0, 'itc_bat': 0.5, 'enable_sell': 1, 'enforce_limit_flag': 1, 'A_tot': 200.0, 'offset_price': 0.0, 'insolation_mult': 1.0, 'sweep_file': 'C:\\Users\\mcaballero\\Solar-Storage-Co-Optimization\\Outputs\\tmp_zw97l1d\\sweep_1_itc_area.csv'}
2025-12-03 01:20:17,755 [INFO] [web_sweep] Row 20 sizing_info: {'Selected PV Module': 'Mono Bifacial', 'Module Efficiency': np.float64(0.225), 'Annual Consumption (kWh)': np.float64(6482959.279999999), 'Peak Hourly Demand (kW)': np.float64(1021.2), 'Estimated Service Capacity (kW)': np.float64(1123.3200000000002), 'Specific Yield (kWh/kW/year)': np.float64(404.54057278125003), '115% Production Cap (kWh)': np.float64(7455403.171999998), 'Max Size by Production (kW)': np.float64(18429.308884257225), 'Max Size by Service Capacity (kW)': np.float64(1010.9880000000002), 'Final Allowed System Size (kW)': np.float64(1010.9880000000002), 'Limiting Factor': 'service capacity (90%)'}
2025-12-03 01:20:17,755 [INFO] [WebSweep_A200] Running simulation for PV type: Mono Bifacial, Battery type: Li-ion LFP
2025-12-03 01:20:17,770 [ERROR] [WebSweep_A200] Error: 'charmap' codec can't encode character '\U0001f50e' in position 0: character maps to <undefined>
2025-12-03 01:20:17,772 [INFO] [web_sweep] Row 21: A_tot=400, insolation_mult(raw=1.0) -> 1.000000, enforce_limit=True, enable_sell=True
2025-12-03 01:20:17,772 [INFO] [web_sweep] Full combined parameters: {'itc_pv': 0.0, 'itc_bat': 0.5, 'enable_sell': 1, 'enforce_limit_flag': 1, 'A_tot': 400.0, 'offset_price': 0.0, 'insolation_mult': 1.0, 'sweep_file': 'C:\\Users\\mcaballero\\Solar-Storage-Co-Optimization\\Outputs\\tmp_zw97l1d\\sweep_1_itc_area.csv'}
2025-12-03 01:20:17,885 [INFO] [web_sweep] Row 21 sizing_info: {'Selected PV Module': 'Mono Bifacial', 'Module Efficiency': np.float64(0.225), 'Annual Consumption (kWh)': np.float64(6482959.279999999), 'Peak Hourly Demand (kW)': np.float64(1021.2), 'Estimated Service Capacity (kW)': np.float64(1123.3200000000002), 'Specific Yield (kWh/kW/year)': np.float64(404.54057278125003), '115% Production Cap (kWh)': np.float64(7455403.171999998), 'Max Size by Production (kW)': np.float64(18429.308884257225), 'Max Size by Service Capacity (kW)': np.float64(1010.9880000000002), 'Final Allowed System Size (kW)': np.float64(1010.9880000000002), 'Limiting Factor': 'service capacity (90%)'}
2025-12-03 01:20:17,885 [INFO] [WebSweep_A400] Running simulation for PV type: Mono Bifacial, Battery type: Li-ion LFP
2025-12-03 01:20:17,887 [ERROR] [WebSweep_A400] Error: 'charmap' codec can't encode character '\U0001f50e' in position 0: character maps to <undefined>
2025-12-03 01:20:17,887 [INFO] [web_sweep] Row 22: A_tot=800, insolation_mult(raw=1.0) -> 1.000000, enforce_limit=True, enable_sell=True
2025-12-03 01:20:17,887 [INFO] [web_sweep] Full combined parameters: {'itc_pv': 0.0, 'itc_bat': 0.5, 'enable_sell': 1, 'enforce_limit_flag': 1, 'A_tot': 800.0, 'offset_price': 0.0, 'insolation_mult': 1.0, 'sweep_file': 'C:\\Users\\mcaballero\\Solar-Storage-Co-Optimization\\Outputs\\tmp_zw97l1d\\sweep_1_itc_area.csv'}
2025-12-03 01:20:18,007 [INFO] [web_sweep] Row 22 sizing_info: {'Selected PV Module': 'Mono Bifacial', 'Module Efficiency': np.float64(0.225), 'Annual Consumption (kWh)': np.float64(6482959.279999999), 'Peak Hourly Demand (kW)': np.float64(1021.2), 'Estimated Service Capacity (kW)': np.float64(1123.3200000000002), 'Specific Yield (kWh/kW/year)': np.float64(404.54057278125003), '115% Production Cap (kWh)': np.float64(7455403.171999998), 'Max Size by Production (kW)': np.float64(18429.308884257225), 'Max Size by Service Capacity (kW)': np.float64(1010.9880000000002), 'Final Allowed System Size (kW)': np.float64(1010.9880000000002), 'Limiting Factor': 'service capacity (90%)'}
2025-12-03 01:20:18,007 [INFO] [WebSweep_A800] Running simulation for PV type: Mono Bifacial, Battery type: Li-ion LFP
2025-12-03 01:20:18,007 [ERROR] [WebSweep_A800] Error: 'charmap' codec can't encode character '\U0001f50e' in position 0: character maps to <undefined>
2025-12-03 01:20:18,007 [INFO] [web_sweep] Row 23: A_tot=1000, insolation_mult(raw=1.0) -> 1.000000, enforce_limit=True, enable_sell=True
2025-12-03 01:20:18,007 [INFO] [web_sweep] Full combined parameters: {'itc_pv': 0.0, 'itc_bat': 0.5, 'enable_sell': 1, 'enforce_limit_flag': 1, 'A_tot': 1000.0, 'offset_price': 0.0, 'insolation_mult': 1.0, 'sweep_file': 'C:\\Users\\mcaballero\\Solar-Storage-Co-Optimization\\Outputs\\tmp_zw97l1d\\sweep_1_itc_area.csv'}
2025-12-03 01:20:18,122 [INFO] [web_sweep] Row 23 sizing_info: {'Selected PV Module': 'Mono Bifacial', 'Module Efficiency': np.float64(0.225), 'Annual Consumption (kWh)': np.float64(6482959.279999999), 'Peak Hourly Demand (kW)': np.float64(1021.2), 'Estimated Service Capacity (kW)': np.float64(1123.3200000000002), 'Specific Yield (kWh/kW/year)': np.float64(404.54057278125003), '115% Production Cap (kWh)': np.float64(7455403.171999998), 'Max Size by Production (kW)': np.float64(18429.308884257225), 'Max Size by Service Capacity (kW)': np.float64(1010.9880000000002), 'Final Allowed System Size (kW)': np.float64(1010.9880000000002), 'Limiting Factor': 'service capacity (90%)'}
2025-12-03 01:20:18,135 [INFO] [WebSweep_A1000] Running simulation for PV type: Mono Bifacial, Battery type: Li-ion LFP
2025-12-03 01:20:18,136 [ERROR] [WebSweep_A1000] Error: 'charmap' codec can't encode character '\U0001f50e' in position 0: character maps to <undefined>
2025-12-03 01:20:18,136 [INFO] [web_sweep] Row 24: A_tot=2000, insolation_mult(raw=1.0) -> 1.000000, enforce_limit=True, enable_sell=True
2025-12-03 01:20:18,136 [INFO] [web_sweep] Full combined parameters: {'itc_pv': 0.0, 'itc_bat': 0.5, 'enable_sell': 1, 'enforce_limit_flag': 1, 'A_tot': 2000.0, 'offset_price': 0.0, 'insolation_mult': 1.0, 'sweep_file': 'C:\\Users\\mcaballero\\Solar-Storage-Co-Optimization\\Outputs\\tmp_zw97l1d\\sweep_1_itc_area.csv'}
2025-12-03 01:20:18,243 [INFO] [web_sweep] Row 24 sizing_info: {'Selected PV Module': 'Mono Bifacial', 'Module Efficiency': np.float64(0.225), 'Annual Consumption (kWh)': np.float64(6482959.279999999), 'Peak Hourly Demand (kW)': np.float64(1021.2), 'Estimated Service Capacity (kW)': np.float64(1123.3200000000002), 'Specific Yield (kWh/kW/year)': np.float64(404.54057278125003), '115% Production Cap (kWh)': np.float64(7455403.171999998), 'Max Size by Production (kW)': np.float64(18429.308884257225), 'Max Size by Service Capacity (kW)': np.float64(1010.9880000000002), 'Final Allowed System Size (kW)': np.float64(1010.9880000000002), 'Limiting Factor': 'service capacity (90%)'}
2025-12-03 01:20:18,243 [INFO] [WebSweep_A2000] Running simulation for PV type: Mono Bifacial, Battery type: Li-ion LFP
2025-12-03 01:20:18,245 [ERROR] [WebSweep_A2000] Error: 'charmap' codec can't encode character '\U0001f50e' in position 0: character maps to <undefined>
2025-12-03 01:20:18,246 [INFO] [web_sweep] Row 25: A_tot=3000, insolation_mult(raw=1.0) -> 1.000000, enforce_limit=True, enable_sell=True
2025-12-03 01:20:18,246 [INFO] [web_sweep] Full combined parameters: {'itc_pv': 0.0, 'itc_bat': 0.5, 'enable_sell': 1, 'enforce_limit_flag': 1, 'A_tot': 3000.0, 'offset_price': 0.0, 'insolation_mult': 1.0, 'sweep_file': 'C:\\Users\\mcaballero\\Solar-Storage-Co-Optimization\\Outputs\\tmp_zw97l1d\\sweep_1_itc_area.csv'}
2025-12-03 01:20:18,355 [INFO] [web_sweep] Row 25 sizing_info: {'Selected PV Module': 'Mono Bifacial', 'Module Efficiency': np.float64(0.225), 'Annual Consumption (kWh)': np.float64(6482959.279999999), 'Peak Hourly Demand (kW)': np.float64(1021.2), 'Estimated Service Capacity (kW)': np.float64(1123.3200000000002), 'Specific Yield (kWh/kW/year)': np.float64(404.54057278125003), '115% Production Cap (kWh)': np.float64(7455403.171999998), 'Max Size by Production (kW)': np.float64(18429.308884257225), 'Max Size by Service Capacity (kW)': np.float64(1010.9880000000002), 'Final Allowed System Size (kW)': np.float64(1010.9880000000002), 'Limiting Factor': 'service capacity (90%)'}
2025-12-03 01:20:18,371 [INFO] [WebSweep_A3000] Running simulation for PV type: Mono Bifacial, Battery type: Li-ion LFP
2025-12-03 01:20:18,372 [ERROR] [WebSweep_A3000] Error: 'charmap' codec can't encode character '\U0001f50e' in position 0: character maps to <undefined>
2025-12-03 01:20:18,373 [INFO] [web_sweep] Row 26: A_tot=4000, insolation_mult(raw=1.0) -> 1.000000, enforce_limit=True, enable_sell=True
2025-12-03 01:20:18,373 [INFO] [web_sweep] Full combined parameters: {'itc_pv': 0.0, 'itc_bat': 0.5, 'enable_sell': 1, 'enforce_limit_flag': 1, 'A_tot': 4000.0, 'offset_price': 0.0, 'insolation_mult': 1.0, 'sweep_file': 'C:\\Users\\mcaballero\\Solar-Storage-Co-Optimization\\Outputs\\tmp_zw97l1d\\sweep_1_itc_area.csv'}
2025-12-03 01:20:18,489 [INFO] [web_sweep] Row 26 sizing_info: {'Selected PV Module': 'Mono Bifacial', 'Module Efficiency': np.float64(0.225), 'Annual Consumption (kWh)': np.float64(6482959.279999999), 'Peak Hourly Demand (kW)': np.float64(1021.2), 'Estimated Service Capacity (kW)': np.float64(1123.3200000000002), 'Specific Yield (kWh/kW/year)': np.float64(404.54057278125003), '115% Production Cap (kWh)': np.float64(7455403.171999998), 'Max Size by Production (kW)': np.float64(18429.308884257225), 'Max Size by Service Capacity (kW)': np.float64(1010.9880000000002), 'Final Allowed System Size (kW)': np.float64(1010.9880000000002), 'Limiting Factor': 'service capacity (90%)'}
2025-12-03 01:20:18,489 [INFO] [WebSweep_A4000] Running simulation for PV type: Mono Bifacial, Battery type: Li-ion LFP
2025-12-03 01:20:18,489 [ERROR] [WebSweep_A4000] Error: 'charmap' codec can't encode character '\U0001f50e' in position 0: character maps to <undefined>
2025-12-03 01:20:18,489 [INFO] [web_sweep] Row 27: A_tot=5000, insolation_mult(raw=1.0) -> 1.000000, enforce_limit=True, enable_sell=True
2025-12-03 01:20:18,489 [INFO] [web_sweep] Full combined parameters: {'itc_pv': 0.0, 'itc_bat': 0.5, 'enable_sell': 1, 'enforce_limit_flag': 1, 'A_tot': 5000.0, 'offset_price': 0.0, 'insolation_mult': 1.0, 'sweep_file': 'C:\\Users\\mcaballero\\Solar-Storage-Co-Optimization\\Outputs\\tmp_zw97l1d\\sweep_1_itc_area.csv'}
2025-12-03 01:20:18,614 [INFO] [web_sweep] Row 27 sizing_info: {'Selected PV Module': 'Mono Bifacial', 'Module Efficiency': np.float64(0.225), 'Annual Consumption (kWh)': np.float64(6482959.279999999), 'Peak Hourly Demand (kW)': np.float64(1021.2), 'Estimated Service Capacity (kW)': np.float64(1123.3200000000002), 'Specific Yield (kWh/kW/year)': np.float64(404.54057278125003), '115% Production Cap (kWh)': np.float64(7455403.171999998), 'Max Size by Production (kW)': np.float64(18429.308884257225), 'Max Size by Service Capacity (kW)': np.float64(1010.9880000000002), 'Final Allowed System Size (kW)': np.float64(1010.9880000000002), 'Limiting Factor': 'service capacity (90%)'}
2025-12-03 01:20:18,614 [INFO] [WebSweep_A5000] Running simulation for PV type: Mono Bifacial, Battery type: Li-ion LFP
2025-12-03 01:20:18,616 [ERROR] [WebSweep_A5000] Error: 'charmap' codec can't encode character '\U0001f50e' in position 0: character maps to <undefined>
2025-12-03 01:20:18,617 [INFO] [web_sweep] Row 28: A_tot=6000, insolation_mult(raw=1.0) -> 1.000000, enforce_limit=True, enable_sell=True
2025-12-03 01:20:18,617 [INFO] [web_sweep] Full combined parameters: {'itc_pv': 0.0, 'itc_bat': 0.5, 'enable_sell': 1, 'enforce_limit_flag': 1, 'A_tot': 6000.0, 'offset_price': 0.0, 'insolation_mult': 1.0, 'sweep_file': 'C:\\Users\\mcaballero\\Solar-Storage-Co-Optimization\\Outputs\\tmp_zw97l1d\\sweep_1_itc_area.csv'}
2025-12-03 01:20:18,756 [INFO] [web_sweep] Row 28 sizing_info: {'Selected PV Module': 'Mono Bifacial', 'Module Efficiency': np.float64(0.225), 'Annual Consumption (kWh)': np.float64(6482959.279999999), 'Peak Hourly Demand (kW)': np.float64(1021.2), 'Estimated Service Capacity (kW)': np.float64(1123.3200000000002), 'Specific Yield (kWh/kW/year)': np.float64(404.54057278125003), '115% Production Cap (kWh)': np.float64(7455403.171999998), 'Max Size by Production (kW)': np.float64(18429.308884257225), 'Max Size by Service Capacity (kW)': np.float64(1010.9880000000002), 'Final Allowed System Size (kW)': np.float64(1010.9880000000002), 'Limiting Factor': 'service capacity (90%)'}
2025-12-03 01:20:18,756 [INFO] [WebSweep_A6000] Running simulation for PV type: Mono Bifacial, Battery type: Li-ion LFP
2025-12-03 01:20:18,756 [ERROR] [WebSweep_A6000] Error: 'charmap' codec can't encode character '\U0001f50e' in position 0: character maps to <undefined>
2025-12-03 01:20:18,756 [INFO] [web_sweep] Row 29: A_tot=7000, insolation_mult(raw=1.0) -> 1.000000, enforce_limit=True, enable_sell=True
2025-12-03 01:20:18,756 [INFO] [web_sweep] Full combined parameters: {'itc_pv': 0.0, 'itc_bat': 0.5, 'enable_sell': 1, 'enforce_limit_flag': 1, 'A_tot': 7000.0, 'offset_price': 0.0, 'insolation_mult': 1.0, 'sweep_file': 'C:\\Users\\mcaballero\\Solar-Storage-Co-Optimization\\Outputs\\tmp_zw97l1d\\sweep_1_itc_area.csv'}
2025-12-03 01:20:18,884 [INFO] [web_sweep] Row 29 sizing_info: {'Selected PV Module': 'Mono Bifacial', 'Module Efficiency': np.float64(0.225), 'Annual Consumption (kWh)': np.float64(6482959.279999999), 'Peak Hourly Demand (kW)': np.float64(1021.2), 'Estimated Service Capacity (kW)': np.float64(1123.3200000000002), 'Specific Yield (kWh/kW/year)': np.float64(404.54057278125003), '115% Production Cap (kWh)': np.float64(7455403.171999998), 'Max Size by Production (kW)': np.float64(18429.308884257225), 'Max Size by Service Capacity (kW)': np.float64(1010.9880000000002), 'Final Allowed System Size (kW)': np.float64(1010.9880000000002), 'Limiting Factor': 'service capacity (90%)'}
2025-12-03 01:20:18,885 [INFO] [WebSweep_A7000] Running simulation for PV type: Mono Bifacial, Battery type: Li-ion LFP
2025-12-03 01:20:18,886 [ERROR] [WebSweep_A7000] Error: 'charmap' codec can't encode character '\U0001f50e' in position 0: character maps to <undefined>
2025-12-03 01:20:18,887 [INFO] [web_sweep] Sweep complete.
