2025-12-03 01:20:00,298 [INFO] [web_sweep] Starting sweep.
2025-12-03 01:20:00,298 [INFO] [web_sweep] Sweep file: C:\Users\mcaballero\Solar-Storage-Co-Optimization\Outputs\tmpj9n8v069\sweep_1_itc_area.csv
2025-12-03 01:20:01,249 [INFO] [web_sweep] Sweep file loaded: 30 rows found.
2025-12-03 01:20:01,249 [INFO] [web_sweep] Row 0: A_tot=200, insolation_mult(raw=1.0) -> 1.000000, enforce_limit=True, enable_sell=True
2025-12-03 01:20:01,249 [INFO] [web_sweep] Full combined parameters: {'itc_pv': 0.0, 'itc_bat': 0.3, 'enable_sell': 1, 'enforce_limit_flag': 1, 'A_tot': 200.0, 'offset_price': 0.0, 'insolation_mult': 1.0, 'sweep_file': 'C:\\Users\\mcaballero\\Solar-Storage-Co-Optimization\\Outputs\\tmpj9n8v069\\sweep_1_itc_area.csv'}
2025-12-03 01:20:01,381 [INFO] [web_sweep] Row 0 sizing_info: {'Selected PV Module': 'Mono Bifacial', 'Module Efficiency': np.float64(0.225), 'Annual Consumption (kWh)': np.float64(6482959.279999999), 'Peak Hourly Demand (kW)': np.float64(1021.2), 'Estimated Service Capacity (kW)': np.float64(1123.3200000000002), 'Specific Yield (kWh/kW/year)': np.float64(404.54057278125003), '115% Production Cap (kWh)': np.float64(7455403.171999998), 'Max Size by Production (kW)': np.float64(18429.308884257225), 'Max Size by Service Capacity (kW)': np.float64(1010.9880000000002), 'Final Allowed System Size (kW)': np.float64(1010.9880000000002), 'Limiting Factor': 'service capacity (90%)'}
2025-12-03 01:20:01,381 [INFO] [WebSweep_A200] Running simulation for PV type: Mono Bifacial, Battery type: Li-ion LFP
2025-12-03 01:20:01,382 [ERROR] [WebSweep_A200] Error: 'charmap' codec can't encode character '\U0001f50e' in position 0: character maps to <undefined>
2025-12-03 01:20:01,382 [INFO] [web_sweep] Row 1: A_tot=400, insolation_mult(raw=1.0) -> 1.000000, enforce_limit=True, enable_sell=True
2025-12-03 01:20:01,382 [INFO] [web_sweep] Full combined parameters: {'itc_pv': 0.0, 'itc_bat': 0.3, 'enable_sell': 1, 'enforce_limit_flag': 1, 'A_tot': 400.0, 'offset_price': 0.0, 'insolation_mult': 1.0, 'sweep_file': 'C:\\Users\\mcaballero\\Solar-Storage-Co-Optimization\\Outputs\\tmpj9n8v069\\sweep_1_itc_area.csv'}
2025-12-03 01:20:01,508 [INFO] [web_sweep] Row 1 sizing_info: {'Selected PV Module': 'Mono Bifacial', 'Module Efficiency': np.float64(0.225), 'Annual Consumption (kWh)': np.float64(6482959.279999999), 'Peak Hourly Demand (kW)': np.float64(1021.2), 'Estimated Service Capacity (kW)': np.float64(1123.3200000000002), 'Specific Yield (kWh/kW/year)': np.float64(404.54057278125003), '115% Production Cap (kWh)': np.float64(7455403.171999998), 'Max Size by Production (kW)': np.float64(18429.308884257225), 'Max Size by Service Capacity (kW)': np.float64(1010.9880000000002), 'Final Allowed System Size (kW)': np.float64(1010.9880000000002), 'Limiting Factor': 'service capacity (90%)'}
2025-12-03 01:20:01,509 [INFO] [WebSweep_A400] Running simulation for PV type: Mono Bifacial, Battery type: Li-ion LFP
2025-12-03 01:20:01,510 [ERROR] [WebSweep_A400] Error: 'charmap' codec can't encode character '\U0001f50e' in position 0: character maps to <undefined>
2025-12-03 01:20:01,511 [INFO] [web_sweep] Row 2: A_tot=800, insolation_mult(raw=1.0) -> 1.000000, enforce_limit=True, enable_sell=True
2025-12-03 01:20:01,511 [INFO] [web_sweep] Full combined parameters: {'itc_pv': 0.0, 'itc_bat': 0.3, 'enable_sell': 1, 'enforce_limit_flag': 1, 'A_tot': 800.0, 'offset_price': 0.0, 'insolation_mult': 1.0, 'sweep_file': 'C:\\Users\\mcaballero\\Solar-Storage-Co-Optimization\\Outputs\\tmpj9n8v069\\sweep_1_itc_area.csv'}
2025-12-03 01:20:01,634 [INFO] [web_sweep] Row 2 sizing_info: {'Selected PV Module': 'Mono Bifacial', 'Module Efficiency': np.float64(0.225), 'Annual Consumption (kWh)': np.float64(6482959.279999999), 'Peak Hourly Demand (kW)': np.float64(1021.2), 'Estimated Service Capacity (kW)': np.float64(1123.3200000000002), 'Specific Yield (kWh/kW/year)': np.float64(404.54057278125003), '115% Production Cap (kWh)': np.float64(7455403.171999998), 'Max Size by Production (kW)': np.float64(18429.308884257225), 'Max Size by Service Capacity (kW)': np.float64(1010.9880000000002), 'Final Allowed System Size (kW)': np.float64(1010.9880000000002), 'Limiting Factor': 'service capacity (90%)'}
2025-12-03 01:20:01,634 [INFO] [WebSweep_A800] Running simulation for PV type: Mono Bifacial, Battery type: Li-ion LFP
2025-12-03 01:20:01,636 [ERROR] [WebSweep_A800] Error: 'charmap' codec can't encode character '\U0001f50e' in position 0: character maps to <undefined>
2025-12-03 01:20:01,637 [INFO] [web_sweep] Row 3: A_tot=1000, insolation_mult(raw=1.0) -> 1.000000, enforce_limit=True, enable_sell=True
2025-12-03 01:20:01,637 [INFO] [web_sweep] Full combined parameters: {'itc_pv': 0.0, 'itc_bat': 0.3, 'enable_sell': 1, 'enforce_limit_flag': 1, 'A_tot': 1000.0, 'offset_price': 0.0, 'insolation_mult': 1.0, 'sweep_file': 'C:\\Users\\mcaballero\\Solar-Storage-Co-Optimization\\Outputs\\tmpj9n8v069\\sweep_1_itc_area.csv'}
2025-12-03 01:20:01,759 [INFO] [web_sweep] Row 3 sizing_info: {'Selected PV Module': 'Mono Bifacial', 'Module Efficiency': np.float64(0.225), 'Annual Consumption (kWh)': np.float64(6482959.279999999), 'Peak Hourly Demand (kW)': np.float64(1021.2), 'Estimated Service Capacity (kW)': np.float64(1123.3200000000002), 'Specific Yield (kWh/kW/year)': np.float64(404.54057278125003), '115% Production Cap (kWh)': np.float64(7455403.171999998), 'Max Size by Production (kW)': np.float64(18429.308884257225), 'Max Size by Service Capacity (kW)': np.float64(1010.9880000000002), 'Final Allowed System Size (kW)': np.float64(1010.9880000000002), 'Limiting Factor': 'service capacity (90%)'}
2025-12-03 01:20:01,760 [INFO] [WebSweep_A1000] Running simulation for PV type: Mono Bifacial, Battery type: Li-ion LFP
2025-12-03 01:20:01,761 [ERROR] [WebSweep_A1000] Error: 'charmap' codec can't encode character '\U0001f50e' in position 0: character maps to <undefined>
2025-12-03 01:20:01,762 [INFO] [web_sweep] Row 4: A_tot=2000, insolation_mult(raw=1.0) -> 1.000000, enforce_limit=True, enable_sell=True
2025-12-03 01:20:01,762 [INFO] [web_sweep] Full combined parameters: {'itc_pv': 0.0, 'itc_bat': 0.3, 'enable_sell': 1, 'enforce_limit_flag': 1, 'A_tot': 2000.0, 'offset_price': 0.0, 'insolation_mult': 1.0, 'sweep_file': 'C:\\Users\\mcaballero\\Solar-Storage-Co-Optimization\\Outputs\\tmpj9n8v069\\sweep_1_itc_area.csv'}
2025-12-03 01:20:01,888 [INFO] [web_sweep] Row 4 sizing_info: {'Selected PV Module': 'Mono Bifacial', 'Module Efficiency': np.float64(0.225), 'Annual Consumption (kWh)': np.float64(6482959.279999999), 'Peak Hourly Demand (kW)': np.float64(1021.2), 'Estimated Service Capacity (kW)': np.float64(1123.3200000000002), 'Specific Yield (kWh/kW/year)': np.float64(404.54057278125003), '115% Production Cap (kWh)': np.float64(7455403.171999998), 'Max Size by Production (kW)': np.float64(18429.308884257225), 'Max Size by Service Capacity (kW)': np.float64(1010.9880000000002), 'Final Allowed System Size (kW)': np.float64(1010.9880000000002), 'Limiting Factor': 'service capacity (90%)'}
2025-12-03 01:20:01,888 [INFO] [WebSweep_A2000] Running simulation for PV type: Mono Bifacial, Battery type: Li-ion LFP
2025-12-03 01:20:01,888 [ERROR] [WebSweep_A2000] Error: 'charmap' codec can't encode character '\U0001f50e' in position 0: character maps to <undefined>
2025-12-03 01:20:01,888 [INFO] [web_sweep] Row 5: A_tot=3000, insolation_mult(raw=1.0) -> 1.000000, enforce_limit=True, enable_sell=True
2025-12-03 01:20:01,888 [INFO] [web_sweep] Full combined parameters: {'itc_pv': 0.0, 'itc_bat': 0.3, 'enable_sell': 1, 'enforce_limit_flag': 1, 'A_tot': 3000.0, 'offset_price': 0.0, 'insolation_mult': 1.0, 'sweep_file': 'C:\\Users\\mcaballero\\Solar-Storage-Co-Optimization\\Outputs\\tmpj9n8v069\\sweep_1_itc_area.csv'}
2025-12-03 01:20:02,018 [INFO] [web_sweep] Row 5 sizing_info: {'Selected PV Module': 'Mono Bifacial', 'Module Efficiency': np.float64(0.225), 'Annual Consumption (kWh)': np.float64(6482959.279999999), 'Peak Hourly Demand (kW)': np.float64(1021.2), 'Estimated Service Capacity (kW)': np.float64(1123.3200000000002), 'Specific Yield (kWh/kW/year)': np.float64(404.54057278125003), '115% Production Cap (kWh)': np.float64(7455403.171999998), 'Max Size by Production (kW)': np.float64(18429.308884257225), 'Max Size by Service Capacity (kW)': np.float64(1010.9880000000002), 'Final Allowed System Size (kW)': np.float64(1010.9880000000002), 'Limiting Factor': 'service capacity (90%)'}
2025-12-03 01:20:02,018 [INFO] [WebSweep_A3000] Running simulation for PV type: Mono Bifacial, Battery type: Li-ion LFP
2025-12-03 01:20:02,021 [ERROR] [WebSweep_A3000] Error: 'charmap' codec can't encode character '\U0001f50e' in position 0: character maps to <undefined>
2025-12-03 01:20:02,021 [INFO] [web_sweep] Row 6: A_tot=4000, insolation_mult(raw=1.0) -> 1.000000, enforce_limit=True, enable_sell=True
2025-12-03 01:20:02,021 [INFO] [web_sweep] Full combined parameters: {'itc_pv': 0.0, 'itc_bat': 0.3, 'enable_sell': 1, 'enforce_limit_flag': 1, 'A_tot': 4000.0, 'offset_price': 0.0, 'insolation_mult': 1.0, 'sweep_file': 'C:\\Users\\mcaballero\\Solar-Storage-Co-Optimization\\Outputs\\tmpj9n8v069\\sweep_1_itc_area.csv'}
2025-12-03 01:20:02,135 [INFO] [web_sweep] Row 6 sizing_info: {'Selected PV Module': 'Mono Bifacial', 'Module Efficiency': np.float64(0.225), 'Annual Consumption (kWh)': np.float64(6482959.279999999), 'Peak Hourly Demand (kW)': np.float64(1021.2), 'Estimated Service Capacity (kW)': np.float64(1123.3200000000002), 'Specific Yield (kWh/kW/year)': np.float64(404.54057278125003), '115% Production Cap (kWh)': np.float64(7455403.171999998), 'Max Size by Production (kW)': np.float64(18429.308884257225), 'Max Size by Service Capacity (kW)': np.float64(1010.9880000000002), 'Final Allowed System Size (kW)': np.float64(1010.9880000000002), 'Limiting Factor': 'service capacity (90%)'}
2025-12-03 01:20:02,135 [INFO] [WebSweep_A4000] Running simulation for PV type: Mono Bifacial, Battery type: Li-ion LFP
2025-12-03 01:20:02,135 [ERROR] [WebSweep_A4000] Error: 'charmap' codec can't encode character '\U0001f50e' in position 0: character maps to <undefined>
2025-12-03 01:20:02,135 [INFO] [web_sweep] Row 7: A_tot=5000, insolation_mult(raw=1.0) -> 1.000000, enforce_limit=True, enable_sell=True
2025-12-03 01:20:02,135 [INFO] [web_sweep] Full combined parameters: {'itc_pv': 0.0, 'itc_bat': 0.3, 'enable_sell': 1, 'enforce_limit_flag': 1, 'A_tot': 5000.0, 'offset_price': 0.0, 'insolation_mult': 1.0, 'sweep_file': 'C:\\Users\\mcaballero\\Solar-Storage-Co-Optimization\\Outputs\\tmpj9n8v069\\sweep_1_itc_area.csv'}
2025-12-03 01:20:02,249 [INFO] [web_sweep] Row 7 sizing_info: {'Selected PV Module': 'Mono Bifacial', 'Module Efficiency': np.float64(0.225), 'Annual Consumption (kWh)': np.float64(6482959.279999999), 'Peak Hourly Demand (kW)': np.float64(1021.2), 'Estimated Service Capacity (kW)': np.float64(1123.3200000000002), 'Specific Yield (kWh/kW/year)': np.float64(404.54057278125003), '115% Production Cap (kWh)': np.float64(7455403.171999998), 'Max Size by Production (kW)': np.float64(18429.308884257225), 'Max Size by Service Capacity (kW)': np.float64(1010.9880000000002), 'Final Allowed System Size (kW)': np.float64(1010.9880000000002), 'Limiting Factor': 'service capacity (90%)'}
2025-12-03 01:20:02,249 [INFO] [WebSweep_A5000] Running simulation for PV type: Mono Bifacial, Battery type: Li-ion LFP
2025-12-03 01:20:02,249 [ERROR] [WebSweep_A5000] Error: 'charmap' codec can't encode character '\U0001f50e' in position 0: character maps to <undefined>
2025-12-03 01:20:02,249 [INFO] [web_sweep] Row 8: A_tot=6000, insolation_mult(raw=1.0) -> 1.000000, enforce_limit=True, enable_sell=True
2025-12-03 01:20:02,249 [INFO] [web_sweep] Full combined parameters: {'itc_pv': 0.0, 'itc_bat': 0.3, 'enable_sell': 1, 'enforce_limit_flag': 1, 'A_tot': 6000.0, 'offset_price': 0.0, 'insolation_mult': 1.0, 'sweep_file': 'C:\\Users\\mcaballero\\Solar-Storage-Co-Optimization\\Outputs\\tmpj9n8v069\\sweep_1_itc_area.csv'}
2025-12-03 01:20:02,400 [INFO] [web_sweep] Row 8 sizing_info: {'Selected PV Module': 'Mono Bifacial', 'Module Efficiency': np.float64(0.225), 'Annual Consumption (kWh)': np.float64(6482959.279999999), 'Peak Hourly Demand (kW)': np.float64(1021.2), 'Estimated Service Capacity (kW)': np.float64(1123.3200000000002), 'Specific Yield (kWh/kW/year)': np.float64(404.54057278125003), '115% Production Cap (kWh)': np.float64(7455403.171999998), 'Max Size by Production (kW)': np.float64(18429.308884257225), 'Max Size by Service Capacity (kW)': np.float64(1010.9880000000002), 'Final Allowed System Size (kW)': np.float64(1010.9880000000002), 'Limiting Factor': 'service capacity (90%)'}
2025-12-03 01:20:02,401 [INFO] [WebSweep_A6000] Running simulation for PV type: Mono Bifacial, Battery type: Li-ion LFP
2025-12-03 01:20:02,402 [ERROR] [WebSweep_A6000] Error: 'charmap' codec can't encode character '\U0001f50e' in position 0: character maps to <undefined>
2025-12-03 01:20:02,402 [INFO] [web_sweep] Row 9: A_tot=7000, insolation_mult(raw=1.0) -> 1.000000, enforce_limit=True, enable_sell=True
2025-12-03 01:20:02,402 [INFO] [web_sweep] Full combined parameters: {'itc_pv': 0.0, 'itc_bat': 0.3, 'enable_sell': 1, 'enforce_limit_flag': 1, 'A_tot': 7000.0, 'offset_price': 0.0, 'insolation_mult': 1.0, 'sweep_file': 'C:\\Users\\mcaballero\\Solar-Storage-Co-Optimization\\Outputs\\tmpj9n8v069\\sweep_1_itc_area.csv'}
2025-12-03 01:20:02,533 [INFO] [web_sweep] Row 9 sizing_info: {'Selected PV Module': 'Mono Bifacial', 'Module Efficiency': np.float64(0.225), 'Annual Consumption (kWh)': np.float64(6482959.279999999), 'Peak Hourly Demand (kW)': np.float64(1021.2), 'Estimated Service Capacity (kW)': np.float64(1123.3200000000002), 'Specific Yield (kWh/kW/year)': np.float64(404.54057278125003), '115% Production Cap (kWh)': np.float64(7455403.171999998), 'Max Size by Production (kW)': np.float64(18429.308884257225), 'Max Size by Service Capacity (kW)': np.float64(1010.9880000000002), 'Final Allowed System Size (kW)': np.float64(1010.9880000000002), 'Limiting Factor': 'service capacity (90%)'}
2025-12-03 01:20:02,533 [INFO] [WebSweep_A7000] Running simulation for PV type: Mono Bifacial, Battery type: Li-ion LFP
2025-12-03 01:20:02,533 [ERROR] [WebSweep_A7000] Error: 'charmap' codec can't encode character '\U0001f50e' in position 0: character maps to <undefined>
2025-12-03 01:20:02,548 [INFO] [web_sweep] Row 10: A_tot=200, insolation_mult(raw=1.0) -> 1.000000, enforce_limit=True, enable_sell=True
2025-12-03 01:20:02,548 [INFO] [web_sweep] Full combined parameters: {'itc_pv': 0.0, 'itc_bat': 0.4, 'enable_sell': 1, 'enforce_limit_flag': 1, 'A_tot': 200.0, 'offset_price': 0.0, 'insolation_mult': 1.0, 'sweep_file': 'C:\\Users\\mcaballero\\Solar-Storage-Co-Optimization\\Outputs\\tmpj9n8v069\\sweep_1_itc_area.csv'}
2025-12-03 01:20:02,666 [INFO] [web_sweep] Row 10 sizing_info: {'Selected PV Module': 'Mono Bifacial', 'Module Efficiency': np.float64(0.225), 'Annual Consumption (kWh)': np.float64(6482959.279999999), 'Peak Hourly Demand (kW)': np.float64(1021.2), 'Estimated Service Capacity (kW)': np.float64(1123.3200000000002), 'Specific Yield (kWh/kW/year)': np.float64(404.54057278125003), '115% Production Cap (kWh)': np.float64(7455403.171999998), 'Max Size by Production (kW)': np.float64(18429.308884257225), 'Max Size by Service Capacity (kW)': np.float64(1010.9880000000002), 'Final Allowed System Size (kW)': np.float64(1010.9880000000002), 'Limiting Factor': 'service capacity (90%)'}
2025-12-03 01:20:02,666 [INFO] [WebSweep_A200] Running simulation for PV type: Mono Bifacial, Battery type: Li-ion LFP
2025-12-03 01:20:02,666 [ERROR] [WebSweep_A200] Error: 'charmap' codec can't encode character '\U0001f50e' in position 0: character maps to <undefined>
2025-12-03 01:20:02,666 [INFO] [web_sweep] Row 11: A_tot=400, insolation_mult(raw=1.0) -> 1.000000, enforce_limit=True, enable_sell=True
2025-12-03 01:20:02,666 [INFO] [web_sweep] Full combined parameters: {'itc_pv': 0.0, 'itc_bat': 0.4, 'enable_sell': 1, 'enforce_limit_flag': 1, 'A_tot': 400.0, 'offset_price': 0.0, 'insolation_mult': 1.0, 'sweep_file': 'C:\\Users\\mcaballero\\Solar-Storage-Co-Optimization\\Outputs\\tmpj9n8v069\\sweep_1_itc_area.csv'}
2025-12-03 01:20:02,799 [INFO] [web_sweep] Row 11 sizing_info: {'Selected PV Module': 'Mono Bifacial', 'Module Efficiency': np.float64(0.225), 'Annual Consumption (kWh)': np.float64(6482959.279999999), 'Peak Hourly Demand (kW)': np.float64(1021.2), 'Estimated Service Capacity (kW)': np.float64(1123.3200000000002), 'Specific Yield (kWh/kW/year)': np.float64(404.54057278125003), '115% Production Cap (kWh)': np.float64(7455403.171999998), 'Max Size by Production (kW)': np.float64(18429.308884257225), 'Max Size by Service Capacity (kW)': np.float64(1010.9880000000002), 'Final Allowed System Size (kW)': np.float64(1010.9880000000002), 'Limiting Factor': 'service capacity (90%)'}
2025-12-03 01:20:02,799 [INFO] [WebSweep_A400] Running simulation for PV type: Mono Bifacial, Battery type: Li-ion LFP
2025-12-03 01:20:02,799 [ERROR] [WebSweep_A400] Error: 'charmap' codec can't encode character '\U0001f50e' in position 0: character maps to <undefined>
2025-12-03 01:20:02,799 [INFO] [web_sweep] Row 12: A_tot=800, insolation_mult(raw=1.0) -> 1.000000, enforce_limit=True, enable_sell=True
2025-12-03 01:20:02,799 [INFO] [web_sweep] Full combined parameters: {'itc_pv': 0.0, 'itc_bat': 0.4, 'enable_sell': 1, 'enforce_limit_flag': 1, 'A_tot': 800.0, 'offset_price': 0.0, 'insolation_mult': 1.0, 'sweep_file': 'C:\\Users\\mcaballero\\Solar-Storage-Co-Optimization\\Outputs\\tmpj9n8v069\\sweep_1_itc_area.csv'}
2025-12-03 01:20:02,922 [INFO] [web_sweep] Row 12 sizing_info: {'Selected PV Module': 'Mono Bifacial', 'Module Efficiency': np.float64(0.225), 'Annual Consumption (kWh)': np.float64(6482959.279999999), 'Peak Hourly Demand (kW)': np.float64(1021.2), 'Estimated Service Capacity (kW)': np.float64(1123.3200000000002), 'Specific Yield (kWh/kW/year)': np.float64(404.54057278125003), '115% Production Cap (kWh)': np.float64(7455403.171999998), 'Max Size by Production (kW)': np.float64(18429.308884257225), 'Max Size by Service Capacity (kW)': np.float64(1010.9880000000002), 'Final Allowed System Size (kW)': np.float64(1010.9880000000002), 'Limiting Factor': 'service capacity (90%)'}
2025-12-03 01:20:02,922 [INFO] [WebSweep_A800] Running simulation for PV type: Mono Bifacial, Battery type: Li-ion LFP
2025-12-03 01:20:02,924 [ERROR] [WebSweep_A800] Error: 'charmap' codec can't encode character '\U0001f50e' in position 0: character maps to <undefined>
2025-12-03 01:20:02,924 [INFO] [web_sweep] Row 13: A_tot=1000, insolation_mult(raw=1.0) -> 1.000000, enforce_limit=True, enable_sell=True
2025-12-03 01:20:02,924 [INFO] [web_sweep] Full combined parameters: {'itc_pv': 0.0, 'itc_bat': 0.4, 'enable_sell': 1, 'enforce_limit_flag': 1, 'A_tot': 1000.0, 'offset_price': 0.0, 'insolation_mult': 1.0, 'sweep_file': 'C:\\Users\\mcaballero\\Solar-Storage-Co-Optimization\\Outputs\\tmpj9n8v069\\sweep_1_itc_area.csv'}
2025-12-03 01:20:03,043 [INFO] [web_sweep] Row 13 sizing_info: {'Selected PV Module': 'Mono Bifacial', 'Module Efficiency': np.float64(0.225), 'Annual Consumption (kWh)': np.float64(6482959.279999999), 'Peak Hourly Demand (kW)': np.float64(1021.2), 'Estimated Service Capacity (kW)': np.float64(1123.3200000000002), 'Specific Yield (kWh/kW/year)': np.float64(404.54057278125003), '115% Production Cap (kWh)': np.float64(7455403.171999998), 'Max Size by Production (kW)': np.float64(18429.308884257225), 'Max Size by Service Capacity (kW)': np.float64(1010.9880000000002), 'Final Allowed System Size (kW)': np.float64(1010.9880000000002), 'Limiting Factor': 'service capacity (90%)'}
2025-12-03 01:20:03,044 [INFO] [WebSweep_A1000] Running simulation for PV type: Mono Bifacial, Battery type: Li-ion LFP
2025-12-03 01:20:03,045 [ERROR] [WebSweep_A1000] Error: 'charmap' codec can't encode character '\U0001f50e' in position 0: character maps to <undefined>
2025-12-03 01:20:03,046 [INFO] [web_sweep] Row 14: A_tot=2000, insolation_mult(raw=1.0) -> 1.000000, enforce_limit=True, enable_sell=True
2025-12-03 01:20:03,046 [INFO] [web_sweep] Full combined parameters: {'itc_pv': 0.0, 'itc_bat': 0.4, 'enable_sell': 1, 'enforce_limit_flag': 1, 'A_tot': 2000.0, 'offset_price': 0.0, 'insolation_mult': 1.0, 'sweep_file': 'C:\\Users\\mcaballero\\Solar-Storage-Co-Optimization\\Outputs\\tmpj9n8v069\\sweep_1_itc_area.csv'}
2025-12-03 01:20:03,171 [INFO] [web_sweep] Row 14 sizing_info: {'Selected PV Module': 'Mono Bifacial', 'Module Efficiency': np.float64(0.225), 'Annual Consumption (kWh)': np.float64(6482959.279999999), 'Peak Hourly Demand (kW)': np.float64(1021.2), 'Estimated Service Capacity (kW)': np.float64(1123.3200000000002), 'Specific Yield (kWh/kW/year)': np.float64(404.54057278125003), '115% Production Cap (kWh)': np.float64(7455403.171999998), 'Max Size by Production (kW)': np.float64(18429.308884257225), 'Max Size by Service Capacity (kW)': np.float64(1010.9880000000002), 'Final Allowed System Size (kW)': np.float64(1010.9880000000002), 'Limiting Factor': 'service capacity (90%)'}
2025-12-03 01:20:03,172 [INFO] [WebSweep_A2000] Running simulation for PV type: Mono Bifacial, Battery type: Li-ion LFP
2025-12-03 01:20:03,173 [ERROR] [WebSweep_A2000] Error: 'charmap' codec can't encode character '\U0001f50e' in position 0: character maps to <undefined>
2025-12-03 01:20:03,173 [INFO] [web_sweep] Row 15: A_tot=3000, insolation_mult(raw=1.0) -> 1.000000, enforce_limit=True, enable_sell=True
2025-12-03 01:20:03,174 [INFO] [web_sweep] Full combined parameters: {'itc_pv': 0.0, 'itc_bat': 0.4, 'enable_sell': 1, 'enforce_limit_flag': 1, 'A_tot': 3000.0, 'offset_price': 0.0, 'insolation_mult': 1.0, 'sweep_file': 'C:\\Users\\mcaballero\\Solar-Storage-Co-Optimization\\Outputs\\tmpj9n8v069\\sweep_1_itc_area.csv'}
2025-12-03 01:20:03,292 [INFO] [web_sweep] Row 15 sizing_info: {'Selected PV Module': 'Mono Bifacial', 'Module Efficiency': np.float64(0.225), 'Annual Consumption (kWh)': np.float64(6482959.279999999), 'Peak Hourly Demand (kW)': np.float64(1021.2), 'Estimated Service Capacity (kW)': np.float64(1123.3200000000002), 'Specific Yield (kWh/kW/year)': np.float64(404.54057278125003), '115% Production Cap (kWh)': np.float64(7455403.171999998), 'Max Size by Production (kW)': np.float64(18429.308884257225), 'Max Size by Service Capacity (kW)': np.float64(1010.9880000000002), 'Final Allowed System Size (kW)': np.float64(1010.9880000000002), 'Limiting Factor': 'service capacity (90%)'}
2025-12-03 01:20:03,292 [INFO] [WebSweep_A3000] Running simulation for PV type: Mono Bifacial, Battery type: Li-ion LFP
2025-12-03 01:20:03,300 [ERROR] [WebSweep_A3000] Error: 'charmap' codec can't encode character '\U0001f50e' in position 0: character maps to <undefined>
2025-12-03 01:20:03,301 [INFO] [web_sweep] Row 16: A_tot=4000, insolation_mult(raw=1.0) -> 1.000000, enforce_limit=True, enable_sell=True
2025-12-03 01:20:03,301 [INFO] [web_sweep] Full combined parameters: {'itc_pv': 0.0, 'itc_bat': 0.4, 'enable_sell': 1, 'enforce_limit_flag': 1, 'A_tot': 4000.0, 'offset_price': 0.0, 'insolation_mult': 1.0, 'sweep_file': 'C:\\Users\\mcaballero\\Solar-Storage-Co-Optimization\\Outputs\\tmpj9n8v069\\sweep_1_itc_area.csv'}
2025-12-03 01:20:03,453 [INFO] [web_sweep] Row 16 sizing_info: {'Selected PV Module': 'Mono Bifacial', 'Module Efficiency': np.float64(0.225), 'Annual Consumption (kWh)': np.float64(6482959.279999999), 'Peak Hourly Demand (kW)': np.float64(1021.2), 'Estimated Service Capacity (kW)': np.float64(1123.3200000000002), 'Specific Yield (kWh/kW/year)': np.float64(404.54057278125003), '115% Production Cap (kWh)': np.float64(7455403.171999998), 'Max Size by Production (kW)': np.float64(18429.308884257225), 'Max Size by Service Capacity (kW)': np.float64(1010.9880000000002), 'Final Allowed System Size (kW)': np.float64(1010.9880000000002), 'Limiting Factor': 'service capacity (90%)'}
2025-12-03 01:20:03,453 [INFO] [WebSweep_A4000] Running simulation for PV type: Mono Bifacial, Battery type: Li-ion LFP
2025-12-03 01:20:03,453 [ERROR] [WebSweep_A4000] Error: 'charmap' codec can't encode character '\U0001f50e' in position 0: character maps to <undefined>
2025-12-03 01:20:03,453 [INFO] [web_sweep] Row 17: A_tot=5000, insolation_mult(raw=1.0) -> 1.000000, enforce_limit=True, enable_sell=True
2025-12-03 01:20:03,453 [INFO] [web_sweep] Full combined parameters: {'itc_pv': 0.0, 'itc_bat': 0.4, 'enable_sell': 1, 'enforce_limit_flag': 1, 'A_tot': 5000.0, 'offset_price': 0.0, 'insolation_mult': 1.0, 'sweep_file': 'C:\\Users\\mcaballero\\Solar-Storage-Co-Optimization\\Outputs\\tmpj9n8v069\\sweep_1_itc_area.csv'}
2025-12-03 01:20:03,588 [INFO] [web_sweep] Row 17 sizing_info: {'Selected PV Module': 'Mono Bifacial', 'Module Efficiency': np.float64(0.225), 'Annual Consumption (kWh)': np.float64(6482959.279999999), 'Peak Hourly Demand (kW)': np.float64(1021.2), 'Estimated Service Capacity (kW)': np.float64(1123.3200000000002), 'Specific Yield (kWh/kW/year)': np.float64(404.54057278125003), '115% Production Cap (kWh)': np.float64(7455403.171999998), 'Max Size by Production (kW)': np.float64(18429.308884257225), 'Max Size by Service Capacity (kW)': np.float64(1010.9880000000002), 'Final Allowed System Size (kW)': np.float64(1010.9880000000002), 'Limiting Factor': 'service capacity (90%)'}
2025-12-03 01:20:03,589 [INFO] [WebSweep_A5000] Running simulation for PV type: Mono Bifacial, Battery type: Li-ion LFP
2025-12-03 01:20:03,590 [ERROR] [WebSweep_A5000] Error: 'charmap' codec can't encode character '\U0001f50e' in position 0: character maps to <undefined>
2025-12-03 01:20:03,590 [INFO] [web_sweep] Row 18: A_tot=6000, insolation_mult(raw=1.0) -> 1.000000, enforce_limit=True, enable_sell=True
2025-12-03 01:20:03,592 [INFO] [web_sweep] Full combined parameters: {'itc_pv': 0.0, 'itc_bat': 0.4, 'enable_sell': 1, 'enforce_limit_flag': 1, 'A_tot': 6000.0, 'offset_price': 0.0, 'insolation_mult': 1.0, 'sweep_file': 'C:\\Users\\mcaballero\\Solar-Storage-Co-Optimization\\Outputs\\tmpj9n8v069\\sweep_1_itc_area.csv'}
2025-12-03 01:20:03,735 [INFO] [web_sweep] Row 18 sizing_info: {'Selected PV Module': 'Mono Bifacial', 'Module Efficiency': np.float64(0.225), 'Annual Consumption (kWh)': np.float64(6482959.279999999), 'Peak Hourly Demand (kW)': np.float64(1021.2), 'Estimated Service Capacity (kW)': np.float64(1123.3200000000002), 'Specific Yield (kWh/kW/year)': np.float64(404.54057278125003), '115% Production Cap (kWh)': np.float64(7455403.171999998), 'Max Size by Production (kW)': np.float64(18429.308884257225), 'Max Size by Service Capacity (kW)': np.float64(1010.9880000000002), 'Final Allowed System Size (kW)': np.float64(1010.9880000000002), 'Limiting Factor': 'service capacity (90%)'}
2025-12-03 01:20:03,736 [INFO] [WebSweep_A6000] Running simulation for PV type: Mono Bifacial, Battery type: Li-ion LFP
2025-12-03 01:20:03,737 [ERROR] [WebSweep_A6000] Error: 'charmap' codec can't encode character '\U0001f50e' in position 0: character maps to <undefined>
2025-12-03 01:20:03,737 [INFO] [web_sweep] Row 19: A_tot=7000, insolation_mult(raw=1.0) -> 1.000000, enforce_limit=True, enable_sell=True
2025-12-03 01:20:03,737 [INFO] [web_sweep] Full combined parameters: {'itc_pv': 0.0, 'itc_bat': 0.4, 'enable_sell': 1, 'enforce_limit_flag': 1, 'A_tot': 7000.0, 'offset_price': 0.0, 'insolation_mult': 1.0, 'sweep_file': 'C:\\Users\\mcaballero\\Solar-Storage-Co-Optimization\\Outputs\\tmpj9n8v069\\sweep_1_itc_area.csv'}
2025-12-03 01:20:03,835 [INFO] [web_sweep] Row 19 sizing_info: {'Selected PV Module': 'Mono Bifacial', 'Module Efficiency': np.float64(0.225), 'Annual Consumption (kWh)': np.float64(6482959.279999999), 'Peak Hourly Demand (kW)': np.float64(1021.2), 'Estimated Service Capacity (kW)': np.float64(1123.3200000000002), 'Specific Yield (kWh/kW/year)': np.float64(404.54057278125003), '115% Production Cap (kWh)': np.float64(7455403.171999998), 'Max Size by Production (kW)': np.float64(18429.308884257225), 'Max Size by Service Capacity (kW)': np.float64(1010.9880000000002), 'Final Allowed System Size (kW)': np.float64(1010.9880000000002), 'Limiting Factor': 'service capacity (90%)'}
2025-12-03 01:20:03,835 [INFO] [WebSweep_A7000] Running simulation for PV type: Mono Bifacial, Battery type: Li-ion LFP
2025-12-03 01:20:03,850 [ERROR] [WebSweep_A7000] Error: 'charmap' codec can't encode character '\U0001f50e' in position 0: character maps to <undefined>
2025-12-03 01:20:03,851 [INFO] [web_sweep] Row 20: A_tot=200, insolation_mult(raw=1.0) -> 1.000000, enforce_limit=True, enable_sell=True
2025-12-03 01:20:03,852 [INFO] [web_sweep] Full combined parameters: {'itc_pv': 0.0, 'itc_bat': 0.5, 'enable_sell': 1, 'enforce_limit_flag': 1, 'A_tot': 200.0, 'offset_price': 0.0, 'insolation_mult': 1.0, 'sweep_file': 'C:\\Users\\mcaballero\\Solar-Storage-Co-Optimization\\Outputs\\tmpj9n8v069\\sweep_1_itc_area.csv'}
2025-12-03 01:20:03,969 [INFO] [web_sweep] Row 20 sizing_info: {'Selected PV Module': 'Mono Bifacial', 'Module Efficiency': np.float64(0.225), 'Annual Consumption (kWh)': np.float64(6482959.279999999), 'Peak Hourly Demand (kW)': np.float64(1021.2), 'Estimated Service Capacity (kW)': np.float64(1123.3200000000002), 'Specific Yield (kWh/kW/year)': np.float64(404.54057278125003), '115% Production Cap (kWh)': np.float64(7455403.171999998), 'Max Size by Production (kW)': np.float64(18429.308884257225), 'Max Size by Service Capacity (kW)': np.float64(1010.9880000000002), 'Final Allowed System Size (kW)': np.float64(1010.9880000000002), 'Limiting Factor': 'service capacity (90%)'}
2025-12-03 01:20:03,969 [INFO] [WebSweep_A200] Running simulation for PV type: Mono Bifacial, Battery type: Li-ion LFP
2025-12-03 01:20:03,969 [ERROR] [WebSweep_A200] Error: 'charmap' codec can't encode character '\U0001f50e' in position 0: character maps to <undefined>
2025-12-03 01:20:03,969 [INFO] [web_sweep] Row 21: A_tot=400, insolation_mult(raw=1.0) -> 1.000000, enforce_limit=True, enable_sell=True
2025-12-03 01:20:03,969 [INFO] [web_sweep] Full combined parameters: {'itc_pv': 0.0, 'itc_bat': 0.5, 'enable_sell': 1, 'enforce_limit_flag': 1, 'A_tot': 400.0, 'offset_price': 0.0, 'insolation_mult': 1.0, 'sweep_file': 'C:\\Users\\mcaballero\\Solar-Storage-Co-Optimization\\Outputs\\tmpj9n8v069\\sweep_1_itc_area.csv'}
2025-12-03 01:20:04,083 [INFO] [web_sweep] Row 21 sizing_info: {'Selected PV Module': 'Mono Bifacial', 'Module Efficiency': np.float64(0.225), 'Annual Consumption (kWh)': np.float64(6482959.279999999), 'Peak Hourly Demand (kW)': np.float64(1021.2), 'Estimated Service Capacity (kW)': np.float64(1123.3200000000002), 'Specific Yield (kWh/kW/year)': np.float64(404.54057278125003), '115% Production Cap (kWh)': np.float64(7455403.171999998), 'Max Size by Production (kW)': np.float64(18429.308884257225), 'Max Size by Service Capacity (kW)': np.float64(1010.9880000000002), 'Final Allowed System Size (kW)': np.float64(1010.9880000000002), 'Limiting Factor': 'service capacity (90%)'}
2025-12-03 01:20:04,083 [INFO] [WebSweep_A400] Running simulation for PV type: Mono Bifacial, Battery type: Li-ion LFP
2025-12-03 01:20:04,092 [ERROR] [WebSweep_A400] Error: 'charmap' codec can't encode character '\U0001f50e' in position 0: character maps to <undefined>
2025-12-03 01:20:04,092 [INFO] [web_sweep] Row 22: A_tot=800, insolation_mult(raw=1.0) -> 1.000000, enforce_limit=True, enable_sell=True
2025-12-03 01:20:04,092 [INFO] [web_sweep] Full combined parameters: {'itc_pv': 0.0, 'itc_bat': 0.5, 'enable_sell': 1, 'enforce_limit_flag': 1, 'A_tot': 800.0, 'offset_price': 0.0, 'insolation_mult': 1.0, 'sweep_file': 'C:\\Users\\mcaballero\\Solar-Storage-Co-Optimization\\Outputs\\tmpj9n8v069\\sweep_1_itc_area.csv'}
2025-12-03 01:20:04,212 [INFO] [web_sweep] Row 22 sizing_info: {'Selected PV Module': 'Mono Bifacial', 'Module Efficiency': np.float64(0.225), 'Annual Consumption (kWh)': np.float64(6482959.279999999), 'Peak Hourly Demand (kW)': np.float64(1021.2), 'Estimated Service Capacity (kW)': np.float64(1123.3200000000002), 'Specific Yield (kWh/kW/year)': np.float64(404.54057278125003), '115% Production Cap (kWh)': np.float64(7455403.171999998), 'Max Size by Production (kW)': np.float64(18429.308884257225), 'Max Size by Service Capacity (kW)': np.float64(1010.9880000000002), 'Final Allowed System Size (kW)': np.float64(1010.9880000000002), 'Limiting Factor': 'service capacity (90%)'}
2025-12-03 01:20:04,213 [INFO] [WebSweep_A800] Running simulation for PV type: Mono Bifacial, Battery type: Li-ion LFP
2025-12-03 01:20:04,215 [ERROR] [WebSweep_A800] Error: 'charmap' codec can't encode character '\U0001f50e' in position 0: character maps to <undefined>
2025-12-03 01:20:04,216 [INFO] [web_sweep] Row 23: A_tot=1000, insolation_mult(raw=1.0) -> 1.000000, enforce_limit=True, enable_sell=True
2025-12-03 01:20:04,216 [INFO] [web_sweep] Full combined parameters: {'itc_pv': 0.0, 'itc_bat': 0.5, 'enable_sell': 1, 'enforce_limit_flag': 1, 'A_tot': 1000.0, 'offset_price': 0.0, 'insolation_mult': 1.0, 'sweep_file': 'C:\\Users\\mcaballero\\Solar-Storage-Co-Optimization\\Outputs\\tmpj9n8v069\\sweep_1_itc_area.csv'}
2025-12-03 01:20:04,334 [INFO] [web_sweep] Row 23 sizing_info: {'Selected PV Module': 'Mono Bifacial', 'Module Efficiency': np.float64(0.225), 'Annual Consumption (kWh)': np.float64(6482959.279999999), 'Peak Hourly Demand (kW)': np.float64(1021.2), 'Estimated Service Capacity (kW)': np.float64(1123.3200000000002), 'Specific Yield (kWh/kW/year)': np.float64(404.54057278125003), '115% Production Cap (kWh)': np.float64(7455403.171999998), 'Max Size by Production (kW)': np.float64(18429.308884257225), 'Max Size by Service Capacity (kW)': np.float64(1010.9880000000002), 'Final Allowed System Size (kW)': np.float64(1010.9880000000002), 'Limiting Factor': 'service capacity (90%)'}
2025-12-03 01:20:04,334 [INFO] [WebSweep_A1000] Running simulation for PV type: Mono Bifacial, Battery type: Li-ion LFP
2025-12-03 01:20:04,336 [ERROR] [WebSweep_A1000] Error: 'charmap' codec can't encode character '\U0001f50e' in position 0: character maps to <undefined>
2025-12-03 01:20:04,336 [INFO] [web_sweep] Row 24: A_tot=2000, insolation_mult(raw=1.0) -> 1.000000, enforce_limit=True, enable_sell=True
2025-12-03 01:20:04,337 [INFO] [web_sweep] Full combined parameters: {'itc_pv': 0.0, 'itc_bat': 0.5, 'enable_sell': 1, 'enforce_limit_flag': 1, 'A_tot': 2000.0, 'offset_price': 0.0, 'insolation_mult': 1.0, 'sweep_file': 'C:\\Users\\mcaballero\\Solar-Storage-Co-Optimization\\Outputs\\tmpj9n8v069\\sweep_1_itc_area.csv'}
2025-12-03 01:20:04,460 [INFO] [web_sweep] Row 24 sizing_info: {'Selected PV Module': 'Mono Bifacial', 'Module Efficiency': np.float64(0.225), 'Annual Consumption (kWh)': np.float64(6482959.279999999), 'Peak Hourly Demand (kW)': np.float64(1021.2), 'Estimated Service Capacity (kW)': np.float64(1123.3200000000002), 'Specific Yield (kWh/kW/year)': np.float64(404.54057278125003), '115% Production Cap (kWh)': np.float64(7455403.171999998), 'Max Size by Production (kW)': np.float64(18429.308884257225), 'Max Size by Service Capacity (kW)': np.float64(1010.9880000000002), 'Final Allowed System Size (kW)': np.float64(1010.9880000000002), 'Limiting Factor': 'service capacity (90%)'}
2025-12-03 01:20:04,460 [INFO] [WebSweep_A2000] Running simulation for PV type: Mono Bifacial, Battery type: Li-ion LFP
2025-12-03 01:20:04,462 [ERROR] [WebSweep_A2000] Error: 'charmap' codec can't encode character '\U0001f50e' in position 0: character maps to <undefined>
2025-12-03 01:20:04,463 [INFO] [web_sweep] Row 25: A_tot=3000, insolation_mult(raw=1.0) -> 1.000000, enforce_limit=True, enable_sell=True
2025-12-03 01:20:04,463 [INFO] [web_sweep] Full combined parameters: {'itc_pv': 0.0, 'itc_bat': 0.5, 'enable_sell': 1, 'enforce_limit_flag': 1, 'A_tot': 3000.0, 'offset_price': 0.0, 'insolation_mult': 1.0, 'sweep_file': 'C:\\Users\\mcaballero\\Solar-Storage-Co-Optimization\\Outputs\\tmpj9n8v069\\sweep_1_itc_area.csv'}
2025-12-03 01:20:04,569 [INFO] [web_sweep] Row 25 sizing_info: {'Selected PV Module': 'Mono Bifacial', 'Module Efficiency': np.float64(0.225), 'Annual Consumption (kWh)': np.float64(6482959.279999999), 'Peak Hourly Demand (kW)': np.float64(1021.2), 'Estimated Service Capacity (kW)': np.float64(1123.3200000000002), 'Specific Yield (kWh/kW/year)': np.float64(404.54057278125003), '115% Production Cap (kWh)': np.float64(7455403.171999998), 'Max Size by Production (kW)': np.float64(18429.308884257225), 'Max Size by Service Capacity (kW)': np.float64(1010.9880000000002), 'Final Allowed System Size (kW)': np.float64(1010.9880000000002), 'Limiting Factor': 'service capacity (90%)'}
2025-12-03 01:20:04,569 [INFO] [WebSweep_A3000] Running simulation for PV type: Mono Bifacial, Battery type: Li-ion LFP
2025-12-03 01:20:04,569 [ERROR] [WebSweep_A3000] Error: 'charmap' codec can't encode character '\U0001f50e' in position 0: character maps to <undefined>
2025-12-03 01:20:04,569 [INFO] [web_sweep] Row 26: A_tot=4000, insolation_mult(raw=1.0) -> 1.000000, enforce_limit=True, enable_sell=True
2025-12-03 01:20:04,569 [INFO] [web_sweep] Full combined parameters: {'itc_pv': 0.0, 'itc_bat': 0.5, 'enable_sell': 1, 'enforce_limit_flag': 1, 'A_tot': 4000.0, 'offset_price': 0.0, 'insolation_mult': 1.0, 'sweep_file': 'C:\\Users\\mcaballero\\Solar-Storage-Co-Optimization\\Outputs\\tmpj9n8v069\\sweep_1_itc_area.csv'}
2025-12-03 01:20:04,732 [INFO] [web_sweep] Row 26 sizing_info: {'Selected PV Module': 'Mono Bifacial', 'Module Efficiency': np.float64(0.225), 'Annual Consumption (kWh)': np.float64(6482959.279999999), 'Peak Hourly Demand (kW)': np.float64(1021.2), 'Estimated Service Capacity (kW)': np.float64(1123.3200000000002), 'Specific Yield (kWh/kW/year)': np.float64(404.54057278125003), '115% Production Cap (kWh)': np.float64(7455403.171999998), 'Max Size by Production (kW)': np.float64(18429.308884257225), 'Max Size by Service Capacity (kW)': np.float64(1010.9880000000002), 'Final Allowed System Size (kW)': np.float64(1010.9880000000002), 'Limiting Factor': 'service capacity (90%)'}
2025-12-03 01:20:04,733 [INFO] [WebSweep_A4000] Running simulation for PV type: Mono Bifacial, Battery type: Li-ion LFP
2025-12-03 01:20:04,735 [ERROR] [WebSweep_A4000] Error: 'charmap' codec can't encode character '\U0001f50e' in position 0: character maps to <undefined>
2025-12-03 01:20:04,735 [INFO] [web_sweep] Row 27: A_tot=5000, insolation_mult(raw=1.0) -> 1.000000, enforce_limit=True, enable_sell=True
2025-12-03 01:20:04,735 [INFO] [web_sweep] Full combined parameters: {'itc_pv': 0.0, 'itc_bat': 0.5, 'enable_sell': 1, 'enforce_limit_flag': 1, 'A_tot': 5000.0, 'offset_price': 0.0, 'insolation_mult': 1.0, 'sweep_file': 'C:\\Users\\mcaballero\\Solar-Storage-Co-Optimization\\Outputs\\tmpj9n8v069\\sweep_1_itc_area.csv'}
2025-12-03 01:20:04,855 [INFO] [web_sweep] Row 27 sizing_info: {'Selected PV Module': 'Mono Bifacial', 'Module Efficiency': np.float64(0.225), 'Annual Consumption (kWh)': np.float64(6482959.279999999), 'Peak Hourly Demand (kW)': np.float64(1021.2), 'Estimated Service Capacity (kW)': np.float64(1123.3200000000002), 'Specific Yield (kWh/kW/year)': np.float64(404.54057278125003), '115% Production Cap (kWh)': np.float64(7455403.171999998), 'Max Size by Production (kW)': np.float64(18429.308884257225), 'Max Size by Service Capacity (kW)': np.float64(1010.9880000000002), 'Final Allowed System Size (kW)': np.float64(1010.9880000000002), 'Limiting Factor': 'service capacity (90%)'}
2025-12-03 01:20:04,856 [INFO] [WebSweep_A5000] Running simulation for PV type: Mono Bifacial, Battery type: Li-ion LFP
2025-12-03 01:20:04,857 [ERROR] [WebSweep_A5000] Error: 'charmap' codec can't encode character '\U0001f50e' in position 0: character maps to <undefined>
2025-12-03 01:20:04,857 [INFO] [web_sweep] Row 28: A_tot=6000, insolation_mult(raw=1.0) -> 1.000000, enforce_limit=True, enable_sell=True
2025-12-03 01:20:04,857 [INFO] [web_sweep] Full combined parameters: {'itc_pv': 0.0, 'itc_bat': 0.5, 'enable_sell': 1, 'enforce_limit_flag': 1, 'A_tot': 6000.0, 'offset_price': 0.0, 'insolation_mult': 1.0, 'sweep_file': 'C:\\Users\\mcaballero\\Solar-Storage-Co-Optimization\\Outputs\\tmpj9n8v069\\sweep_1_itc_area.csv'}
2025-12-03 01:20:04,997 [INFO] [web_sweep] Row 28 sizing_info: {'Selected PV Module': 'Mono Bifacial', 'Module Efficiency': np.float64(0.225), 'Annual Consumption (kWh)': np.float64(6482959.279999999), 'Peak Hourly Demand (kW)': np.float64(1021.2), 'Estimated Service Capacity (kW)': np.float64(1123.3200000000002), 'Specific Yield (kWh/kW/year)': np.float64(404.54057278125003), '115% Production Cap (kWh)': np.float64(7455403.171999998), 'Max Size by Production (kW)': np.float64(18429.308884257225), 'Max Size by Service Capacity (kW)': np.float64(1010.9880000000002), 'Final Allowed System Size (kW)': np.float64(1010.9880000000002), 'Limiting Factor': 'service capacity (90%)'}
2025-12-03 01:20:04,998 [INFO] [WebSweep_A6000] Running simulation for PV type: Mono Bifacial, Battery type: Li-ion LFP
2025-12-03 01:20:04,999 [ERROR] [WebSweep_A6000] Error: 'charmap' codec can't encode character '\U0001f50e' in position 0: character maps to <undefined>
2025-12-03 01:20:05,001 [INFO] [web_sweep] Row 29: A_tot=7000, insolation_mult(raw=1.0) -> 1.000000, enforce_limit=True, enable_sell=True
2025-12-03 01:20:05,001 [INFO] [web_sweep] Full combined parameters: {'itc_pv': 0.0, 'itc_bat': 0.5, 'enable_sell': 1, 'enforce_limit_flag': 1, 'A_tot': 7000.0, 'offset_price': 0.0, 'insolation_mult': 1.0, 'sweep_file': 'C:\\Users\\mcaballero\\Solar-Storage-Co-Optimization\\Outputs\\tmpj9n8v069\\sweep_1_itc_area.csv'}
2025-12-03 01:20:05,146 [INFO] [web_sweep] Row 29 sizing_info: {'Selected PV Module': 'Mono Bifacial', 'Module Efficiency': np.float64(0.225), 'Annual Consumption (kWh)': np.float64(6482959.279999999), 'Peak Hourly Demand (kW)': np.float64(1021.2), 'Estimated Service Capacity (kW)': np.float64(1123.3200000000002), 'Specific Yield (kWh/kW/year)': np.float64(404.54057278125003), '115% Production Cap (kWh)': np.float64(7455403.171999998), 'Max Size by Production (kW)': np.float64(18429.308884257225), 'Max Size by Service Capacity (kW)': np.float64(1010.9880000000002), 'Final Allowed System Size (kW)': np.float64(1010.9880000000002), 'Limiting Factor': 'service capacity (90%)'}
2025-12-03 01:20:05,147 [INFO] [WebSweep_A7000] Running simulation for PV type: Mono Bifacial, Battery type: Li-ion LFP
2025-12-03 01:20:05,148 [ERROR] [WebSweep_A7000] Error: 'charmap' codec can't encode character '\U0001f50e' in position 0: character maps to <undefined>
2025-12-03 01:20:05,148 [INFO] [web_sweep] Sweep complete.
